#
# There is insufficient memory for the Java Runtime Environment to continue.
# Native memory allocation (mmap) failed to map 2555904 bytes for committing reserved memory.
# Possible reasons:
#   The system is out of physical RAM or swap space
#   The process is running with CompressedOops enabled, and the Java Heap may be blocking the growth of the native heap
# Possible solutions:
#   Reduce memory load on the system
#   Increase physical memory or swap space
#   Check if swap backing store is full
#   Decrease Java heap size (-Xmx/-Xms)
#   Decrease number of Java threads
#   Decrease Java thread stack sizes (-Xss)
#   Set larger code cache with -XX:ReservedCodeCacheSize=
#   JVM is running with Unscaled Compressed Oops mode in which the Java heap is
#     placed in the first 4GB address space. The Java Heap base address is the
#     maximum limit for the native heap growth. Please use -XX:HeapBaseMinAddress
#     to set the Java Heap base and to place the Java Heap above 4GB virtual address.
# This output file may be truncated or incomplete.
#
#  Out of Memory Error (os_linux.cpp:2985), pid=5168, tid=5169
#
# JRE version:  (11.0.11+9) (build )
# Java VM: OpenJDK 64-Bit Server VM (11.0.11+9-Ubuntu-0ubuntu2.18.04, mixed mode, sharing, tiered, compressed oops, serial gc, linux-amd64)
# Core dump will be written. Default location: Core dumps may be processed with "/usr/share/apport/apport %p %s %c %d %P %E" (or dumping to /vagrant/project-1/core.5168)
#

---------------  S U M M A R Y ------------

Command Line: -javaagent:/home/vagrant/.m2/repository/org/jacoco/org.jacoco.agent/0.8.5/org.jacoco.agent-0.8.5-runtime.jar=destfile=/vagrant/project-1/target/jacoco.exec /vagrant/project-1/target/surefire/surefirebooter5111016389143779737.jar /vagrant/project-1/target/surefire 2021-10-04T03-26-54_534-jvmRun1 surefire10851076020509047625tmp surefire_010008211593208054922tmp

Host: Intel(R) Core(TM) i7-8550U CPU @ 1.80GHz, 2 cores, 984M, Ubuntu 18.04.6 LTS
Time: Mon Oct  4 03:27:14 2021 UTC elapsed time: 0.150620 seconds (0d 0h 0m 0s)

---------------  T H R E A D  ---------------

Current thread (0x00007fd8a8017800):  JavaThread "Unknown thread" [_thread_in_vm, id=5169, stack(0x00007fd8af5ea000,0x00007fd8af6eb000)]

Stack: [0x00007fd8af5ea000,0x00007fd8af6eb000],  sp=0x00007fd8af6e9290,  free space=1020k
Native frames: (J=compiled Java code, A=aot compiled Java code, j=interpreted, Vv=VM code, C=native code)
V  [libjvm.so+0xe1c39a]
V  [libjvm.so+0xe1d04b]
V  [libjvm.so+0x649755]
V  [libjvm.so+0xb7692a]
V  [libjvm.so+0xb6cc7f]
V  [libjvm.so+0xe147db]
V  [libjvm.so+0x7cbd36]
V  [libjvm.so+0x5bfd3c]
V  [libjvm.so+0x5c0169]
V  [libjvm.so+0x5c0508]
V  [libjvm.so+0x5c05b9]
V  [libjvm.so+0x802fd3]
V  [libjvm.so+0xdb940a]
V  [libjvm.so+0x8a9661]  JNI_CreateJavaVM+0x51
C  [libjli.so+0x3a88]
C  [libjli.so+0x87ed]


---------------  P R O C E S S  ---------------

Threads class SMR info:
_java_thread_list=0x0000563df30f2290, length=0, elements={
}

Java Threads: ( => current thread )

Other Threads:

=>0x00007fd8a8017800 (exited) JavaThread "Unknown thread" [_thread_in_vm, id=5169, stack(0x00007fd8af5ea000,0x00007fd8af6eb000)]

Threads with active compile tasks:

VM state:not at safepoint (not fully initialized)

VM Mutex/Monitor currently owned by a thread: None


[error occurred during error reporting (printing compressed oops mode), id 0xb, SIGSEGV (0xb) at pc=0x00007fd8ae232273]

Deoptimization events (0 events):
No events

Classes redefined (0 events):
No events

Internal exceptions (0 events):
No events

Events (2 events):
Event: 0.053 Protecting memory [0x00007fd8af5ea000,0x00007fd8af5ee000] with protection modes 0
Event: 0.135 Loaded shared library /usr/lib/jvm/java-11-openjdk-amd64/lib/libzip.so


Dynamic libraries:
563df19df000-563df19e0000 r-xp 00000000 08:01 263097                     /usr/lib/jvm/java-11-openjdk-amd64/bin/java
563df1be0000-563df1be1000 r--p 00001000 08:01 263097                     /usr/lib/jvm/java-11-openjdk-amd64/bin/java
563df1be1000-563df1be2000 rw-p 00002000 08:01 263097                     /usr/lib/jvm/java-11-openjdk-amd64/bin/java
563df30da000-563df30fb000 rw-p 00000000 00:00 0                          [heap]
7fd89009e000-7fd89ee2e000 ---p 00000000 00:00 0 
7fd89ee2e000-7fd89ee35000 r-xp 00000000 08:01 263255                     /usr/lib/jvm/java-11-openjdk-amd64/lib/libzip.so
7fd89ee35000-7fd89f034000 ---p 00007000 08:01 263255                     /usr/lib/jvm/java-11-openjdk-amd64/lib/libzip.so
7fd89f034000-7fd89f035000 r--p 00006000 08:01 263255                     /usr/lib/jvm/java-11-openjdk-amd64/lib/libzip.so
7fd89f035000-7fd89f036000 rw-p 00007000 08:01 263255                     /usr/lib/jvm/java-11-openjdk-amd64/lib/libzip.so
7fd89f036000-7fd89f041000 r-xp 00000000 08:01 2235                       /lib/x86_64-linux-gnu/libnss_files-2.27.so
7fd89f041000-7fd89f240000 ---p 0000b000 08:01 2235                       /lib/x86_64-linux-gnu/libnss_files-2.27.so
7fd89f240000-7fd89f241000 r--p 0000a000 08:01 2235                       /lib/x86_64-linux-gnu/libnss_files-2.27.so
7fd89f241000-7fd89f242000 rw-p 0000b000 08:01 2235                       /lib/x86_64-linux-gnu/libnss_files-2.27.so
7fd89f242000-7fd89f248000 rw-p 00000000 00:00 0 
7fd89f248000-7fd89f25f000 r-xp 00000000 08:01 2198                       /lib/x86_64-linux-gnu/libnsl-2.27.so
7fd89f25f000-7fd89f45e000 ---p 00017000 08:01 2198                       /lib/x86_64-linux-gnu/libnsl-2.27.so
7fd89f45e000-7fd89f45f000 r--p 00016000 08:01 2198                       /lib/x86_64-linux-gnu/libnsl-2.27.so
7fd89f45f000-7fd89f460000 rw-p 00017000 08:01 2198                       /lib/x86_64-linux-gnu/libnsl-2.27.so
7fd89f460000-7fd89f462000 rw-p 00000000 00:00 0 
7fd89f462000-7fd89f46d000 r-xp 00000000 08:01 2237                       /lib/x86_64-linux-gnu/libnss_nis-2.27.so
7fd89f46d000-7fd89f66c000 ---p 0000b000 08:01 2237                       /lib/x86_64-linux-gnu/libnss_nis-2.27.so
7fd89f66c000-7fd89f66d000 r--p 0000a000 08:01 2237                       /lib/x86_64-linux-gnu/libnss_nis-2.27.so
7fd89f66d000-7fd89f66e000 rw-p 0000b000 08:01 2237                       /lib/x86_64-linux-gnu/libnss_nis-2.27.so
7fd89f66e000-7fd89f676000 r-xp 00000000 08:01 2213                       /lib/x86_64-linux-gnu/libnss_compat-2.27.so
7fd89f676000-7fd89f876000 ---p 00008000 08:01 2213                       /lib/x86_64-linux-gnu/libnss_compat-2.27.so
7fd89f876000-7fd89f877000 r--p 00008000 08:01 2213                       /lib/x86_64-linux-gnu/libnss_compat-2.27.so
7fd89f877000-7fd89f878000 rw-p 00009000 08:01 2213                       /lib/x86_64-linux-gnu/libnss_compat-2.27.so
7fd89f878000-7fd8a8000000 r--s 00000000 08:01 263256                     /usr/lib/jvm/java-11-openjdk-amd64/lib/modules
7fd8a8000000-7fd8a803c000 rw-p 00000000 00:00 0 
7fd8a803c000-7fd8ac000000 ---p 00000000 00:00 0 
7fd8ac0c2000-7fd8ac0cc000 r-xp 00000000 08:01 263230                     /usr/lib/jvm/java-11-openjdk-amd64/lib/libinstrument.so
7fd8ac0cc000-7fd8ac2cb000 ---p 0000a000 08:01 263230                     /usr/lib/jvm/java-11-openjdk-amd64/lib/libinstrument.so
7fd8ac2cb000-7fd8ac2cc000 r--p 00009000 08:01 263230                     /usr/lib/jvm/java-11-openjdk-amd64/lib/libinstrument.so
7fd8ac2cc000-7fd8ac2cd000 rw-p 0000a000 08:01 263230                     /usr/lib/jvm/java-11-openjdk-amd64/lib/libinstrument.so
7fd8ac2cd000-7fd8ac2d2000 r-xp 00000000 08:01 263238                     /usr/lib/jvm/java-11-openjdk-amd64/lib/libjimage.so
7fd8ac2d2000-7fd8ac4d1000 ---p 00005000 08:01 263238                     /usr/lib/jvm/java-11-openjdk-amd64/lib/libjimage.so
7fd8ac4d1000-7fd8ac4d2000 r--p 00004000 08:01 263238                     /usr/lib/jvm/java-11-openjdk-amd64/lib/libjimage.so
7fd8ac4d2000-7fd8ac4d3000 rw-p 00005000 08:01 263238                     /usr/lib/jvm/java-11-openjdk-amd64/lib/libjimage.so
7fd8ac4d3000-7fd8ac4fb000 r-xp 00000000 08:01 263235                     /usr/lib/jvm/java-11-openjdk-amd64/lib/libjava.so
7fd8ac4fb000-7fd8ac6fb000 ---p 00028000 08:01 263235                     /usr/lib/jvm/java-11-openjdk-amd64/lib/libjava.so
7fd8ac6fb000-7fd8ac6fc000 r--p 00028000 08:01 263235                     /usr/lib/jvm/java-11-openjdk-amd64/lib/libjava.so
7fd8ac6fc000-7fd8ac6fd000 rw-p 00029000 08:01 263235                     /usr/lib/jvm/java-11-openjdk-amd64/lib/libjava.so
7fd8ac6fd000-7fd8ac6fe000 rw-p 00000000 00:00 0 
7fd8ac6fe000-7fd8ac70b000 r-xp 00000000 08:01 263254                     /usr/lib/jvm/java-11-openjdk-amd64/lib/libverify.so
7fd8ac70b000-7fd8ac90a000 ---p 0000d000 08:01 263254                     /usr/lib/jvm/java-11-openjdk-amd64/lib/libverify.so
7fd8ac90a000-7fd8ac90c000 r--p 0000c000 08:01 263254                     /usr/lib/jvm/java-11-openjdk-amd64/lib/libverify.so
7fd8ac90c000-7fd8ac90d000 rw-p 0000e000 08:01 263254                     /usr/lib/jvm/java-11-openjdk-amd64/lib/libverify.so
7fd8ac90d000-7fd8ac914000 r-xp 00000000 08:01 2242                       /lib/x86_64-linux-gnu/librt-2.27.so
7fd8ac914000-7fd8acb13000 ---p 00007000 08:01 2242                       /lib/x86_64-linux-gnu/librt-2.27.so
7fd8acb13000-7fd8acb14000 r--p 00006000 08:01 2242                       /lib/x86_64-linux-gnu/librt-2.27.so
7fd8acb14000-7fd8acb15000 rw-p 00007000 08:01 2242                       /lib/x86_64-linux-gnu/librt-2.27.so
7fd8acb15000-7fd8acb2c000 r-xp 00000000 08:01 2075                       /lib/x86_64-linux-gnu/libgcc_s.so.1
7fd8acb2c000-7fd8acd2b000 ---p 00017000 08:01 2075                       /lib/x86_64-linux-gnu/libgcc_s.so.1
7fd8acd2b000-7fd8acd2c000 r--p 00016000 08:01 2075                       /lib/x86_64-linux-gnu/libgcc_s.so.1
7fd8acd2c000-7fd8acd2d000 rw-p 00017000 08:01 2075                       /lib/x86_64-linux-gnu/libgcc_s.so.1
7fd8acd2d000-7fd8aceca000 r-xp 00000000 08:01 2174                       /lib/x86_64-linux-gnu/libm-2.27.so
7fd8aceca000-7fd8ad0c9000 ---p 0019d000 08:01 2174                       /lib/x86_64-linux-gnu/libm-2.27.so
7fd8ad0c9000-7fd8ad0ca000 r--p 0019c000 08:01 2174                       /lib/x86_64-linux-gnu/libm-2.27.so
7fd8ad0ca000-7fd8ad0cb000 rw-p 0019d000 08:01 2174                       /lib/x86_64-linux-gnu/libm-2.27.so
7fd8ad0cb000-7fd8ad244000 r-xp 00000000 08:01 4784                       /usr/lib/x86_64-linux-gnu/libstdc++.so.6.0.25
7fd8ad244000-7fd8ad444000 ---p 00179000 08:01 4784                       /usr/lib/x86_64-linux-gnu/libstdc++.so.6.0.25
7fd8ad444000-7fd8ad44e000 r--p 00179000 08:01 4784                       /usr/lib/x86_64-linux-gnu/libstdc++.so.6.0.25
7fd8ad44e000-7fd8ad450000 rw-p 00183000 08:01 4784                       /usr/lib/x86_64-linux-gnu/libstdc++.so.6.0.25
7fd8ad450000-7fd8ad454000 rw-p 00000000 00:00 0 
7fd8ad454000-7fd8ae53c000 r-xp 00000000 08:01 512005                     /usr/lib/jvm/java-11-openjdk-amd64/lib/server/libjvm.so
7fd8ae53c000-7fd8ae73b000 ---p 010e8000 08:01 512005                     /usr/lib/jvm/java-11-openjdk-amd64/lib/server/libjvm.so
7fd8ae73b000-7fd8ae7fc000 r--p 010e7000 08:01 512005                     /usr/lib/jvm/java-11-openjdk-amd64/lib/server/libjvm.so
7fd8ae7fc000-7fd8ae837000 rw-p 011a8000 08:01 512005                     /usr/lib/jvm/java-11-openjdk-amd64/lib/server/libjvm.so
7fd8ae837000-7fd8ae88e000 rw-p 00000000 00:00 0 
7fd8ae88e000-7fd8ae8a8000 r-xp 00000000 08:01 2240                       /lib/x86_64-linux-gnu/libpthread-2.27.so
7fd8ae8a8000-7fd8aeaa7000 ---p 0001a000 08:01 2240                       /lib/x86_64-linux-gnu/libpthread-2.27.so
7fd8aeaa7000-7fd8aeaa8000 r--p 00019000 08:01 2240                       /lib/x86_64-linux-gnu/libpthread-2.27.so
7fd8aeaa8000-7fd8aeaa9000 rw-p 0001a000 08:01 2240                       /lib/x86_64-linux-gnu/libpthread-2.27.so
7fd8aeaa9000-7fd8aeaad000 rw-p 00000000 00:00 0 
7fd8aeaad000-7fd8aeab0000 r-xp 00000000 08:01 2173                       /lib/x86_64-linux-gnu/libdl-2.27.so
7fd8aeab0000-7fd8aecaf000 ---p 00003000 08:01 2173                       /lib/x86_64-linux-gnu/libdl-2.27.so
7fd8aecaf000-7fd8aecb0000 r--p 00002000 08:01 2173                       /lib/x86_64-linux-gnu/libdl-2.27.so
7fd8aecb0000-7fd8aecb1000 rw-p 00003000 08:01 2173                       /lib/x86_64-linux-gnu/libdl-2.27.so
7fd8aecb1000-7fd8aeccd000 r-xp 00000000 08:01 2184                       /lib/x86_64-linux-gnu/libz.so.1.2.11
7fd8aeccd000-7fd8aeecc000 ---p 0001c000 08:01 2184                       /lib/x86_64-linux-gnu/libz.so.1.2.11
7fd8aeecc000-7fd8aeecd000 r--p 0001b000 08:01 2184                       /lib/x86_64-linux-gnu/libz.so.1.2.11
7fd8aeecd000-7fd8aeece000 rw-p 0001c000 08:01 2184                       /lib/x86_64-linux-gnu/libz.so.1.2.11
7fd8aeece000-7fd8af0b5000 r-xp 00000000 08:01 2093                       /lib/x86_64-linux-gnu/libc-2.27.so
7fd8af0b5000-7fd8af2b5000 ---p 001e7000 08:01 2093                       /lib/x86_64-linux-gnu/libc-2.27.so
7fd8af2b5000-7fd8af2b9000 r--p 001e7000 08:01 2093                       /lib/x86_64-linux-gnu/libc-2.27.so
7fd8af2b9000-7fd8af2bb000 rw-p 001eb000 08:01 2093                       /lib/x86_64-linux-gnu/libc-2.27.so
7fd8af2bb000-7fd8af2bf000 rw-p 00000000 00:00 0 
7fd8af2bf000-7fd8af2ce000 r-xp 00000000 08:01 263220                     /usr/lib/jvm/java-11-openjdk-amd64/lib/jli/libjli.so
7fd8af2ce000-7fd8af4cd000 ---p 0000f000 08:01 263220                     /usr/lib/jvm/java-11-openjdk-amd64/lib/jli/libjli.so
7fd8af4cd000-7fd8af4ce000 r--p 0000e000 08:01 263220                     /usr/lib/jvm/java-11-openjdk-amd64/lib/jli/libjli.so
7fd8af4ce000-7fd8af4cf000 rw-p 0000f000 08:01 263220                     /usr/lib/jvm/java-11-openjdk-amd64/lib/jli/libjli.so
7fd8af4cf000-7fd8af4f8000 r-xp 00000000 08:01 2089                       /lib/x86_64-linux-gnu/ld-2.27.so
7fd8af5e2000-7fd8af5ea000 rw-s 00000000 08:01 2054043                    /tmp/hsperfdata_vagrant/5168
7fd8af5ea000-7fd8af5ee000 ---p 00000000 00:00 0 
7fd8af5ee000-7fd8af6ed000 rw-p 00000000 00:00 0 
7fd8af6f2000-7fd8af6f4000 r--s 00007000 08:01 71699                      /usr/share/java/java-atk-wrapper.jar
7fd8af6f4000-7fd8af6f5000 ---p 00000000 00:00 0 
7fd8af6f5000-7fd8af6f6000 r--p 00000000 00:00 0 
7fd8af6f6000-7fd8af6f8000 rw-p 00000000 00:00 0 
7fd8af6f8000-7fd8af6f9000 r--p 00029000 08:01 2089                       /lib/x86_64-linux-gnu/ld-2.27.so
7fd8af6f9000-7fd8af6fa000 rw-p 0002a000 08:01 2089                       /lib/x86_64-linux-gnu/ld-2.27.so
7fd8af6fa000-7fd8af6fb000 rw-p 00000000 00:00 0 
7ffced815000-7ffced836000 rw-p 00000000 00:00 0                          [stack]
7ffced8f8000-7ffced8fb000 r--p 00000000 00:00 0                          [vvar]
7ffced8fb000-7ffced8fd000 r-xp 00000000 00:00 0                          [vdso]
ffffffffff600000-ffffffffff601000 r-xp 00000000 00:00 0                  [vsyscall]


VM Arguments:
jvm_args: -javaagent:/home/vagrant/.m2/repository/org/jacoco/org.jacoco.agent/0.8.5/org.jacoco.agent-0.8.5-runtime.jar=destfile=/vagrant/project-1/target/jacoco.exec 
java_command: /vagrant/project-1/target/surefire/surefirebooter5111016389143779737.jar /vagrant/project-1/target/surefire 2021-10-04T03-26-54_534-jvmRun1 surefire10851076020509047625tmp surefire_010008211593208054922tmp
java_class_path (initial): /vagrant/project-1/target/surefire/surefirebooter5111016389143779737.jar
Launcher Type: SUN_STANDARD

[Global flags]
     intx CICompilerCount                          = 2                                         {product} {ergonomic}
   size_t InitialHeapSize                          = 16136832                                  {product} {ergonomic}
   size_t MaxHeapSize                              = 258189312                                 {product} {ergonomic}
    uintx NonNMethodCodeHeapSize                   = 5825164                                {pd product} {ergonomic}
    uintx NonProfiledCodeHeapSize                  = 122916538                              {pd product} {ergonomic}
    uintx ProfiledCodeHeapSize                     = 122916538                              {pd product} {ergonomic}
    uintx ReservedCodeCacheSize                    = 251658240                              {pd product} {ergonomic}
     bool SegmentedCodeCache                       = true                                      {product} {ergonomic}
     bool UseCompressedClassPointers               = true                                 {lp64_product} {ergonomic}
     bool UseCompressedOops                        = true                                 {lp64_product} {ergonomic}
     bool UseSerialGC                              = true                                      {product} {ergonomic}

Logging:
Log output configuration:
 #0: stdout all=warning uptime,level,tags
 #1: stderr all=off uptime,level,tags

Environment Variables:
PATH=/usr/local/sbin:/usr/local/bin:/usr/sbin:/usr/bin:/sbin:/bin:/usr/games:/usr/local/games:/snap/bin
SHELL=/bin/bash
DISPLAY=localhost:10.0
LANG=C.UTF-8

Signal Handlers:
SIGSEGV: [libjvm.so+0xe1d0a0], sa_mask[0]=11111111011111111101111111111110, sa_flags=SA_RESTART|SA_SIGINFO
SIGBUS: [libjvm.so+0xe1d0a0], sa_mask[0]=11111111011111111101111111111110, sa_flags=SA_RESTART|SA_SIGINFO
SIGFPE: [libjvm.so+0xe1d0a0], sa_mask[0]=11111111011111111101111111111110, sa_flags=SA_RESTART|SA_SIGINFO
SIGPIPE: [libjvm.so+0xb717f0], sa_mask[0]=11111111011111111101111111111110, sa_flags=SA_RESTART|SA_SIGINFO
SIGXFSZ: [libjvm.so+0xb717f0], sa_mask[0]=11111111011111111101111111111110, sa_flags=SA_RESTART|SA_SIGINFO
SIGILL: [libjvm.so+0xe1d0a0], sa_mask[0]=11111111011111111101111111111110, sa_flags=SA_RESTART|SA_SIGINFO
SIGUSR2: [libjvm.so+0xb71680], sa_mask[0]=00100000000000000000000000000000, sa_flags=SA_RESTART|SA_SIGINFO
SIGHUP: SIG_DFL, sa_mask[0]=00000000000000000000000000000000, sa_flags=none
SIGINT: SIG_DFL, sa_mask[0]=00000000000000000000000000000000, sa_flags=none
SIGTERM: SIG_DFL, sa_mask[0]=00000000000000000000000000000000, sa_flags=none
SIGQUIT: SIG_DFL, sa_mask[0]=00000000000000000000000000000000, sa_flags=none


---------------  S Y S T E M  ---------------

OS:DISTRIB_ID=Ubuntu
DISTRIB_RELEASE=18.04
DISTRIB_CODENAME=bionic
DISTRIB_DESCRIPTION="Ubuntu 18.04.6 LTS"
uname:Linux 4.15.0-159-generic #167-Ubuntu SMP Tue Sep 21 08:55:05 UTC 2021 x86_64
OS uptime: 0 days 12:40 hours
libc:glibc 2.27 NPTL 2.27 
rlimit (soft/hard): STACK 8192k/infinity , CORE 0k/infinity , NPROC 3835/3835 , NOFILE 1048576/1048576 , AS infinity/infinity , CPU infinity/infinity , DATA infinity/infinity , FSIZE infinity/infinity , MEMLOCK 65536k/65536k
load average:2.14 1.10 0.63

/proc/meminfo:
MemTotal:        1008552 kB
MemFree:           59768 kB
MemAvailable:          0 kB
Buffers:             192 kB
Cached:             2560 kB
SwapCached:            0 kB
Active:           865640 kB
Inactive:           1276 kB
Active(anon):     864600 kB
Inactive(anon):      240 kB
Active(file):       1040 kB
Inactive(file):     1036 kB
Unevictable:           0 kB
Mlocked:               0 kB
SwapTotal:             0 kB
SwapFree:              0 kB
Dirty:                 0 kB
Writeback:            44 kB
AnonPages:        864236 kB
Mapped:             1520 kB
Shmem:               604 kB
Slab:              46704 kB
SReclaimable:      18752 kB
SUnreclaim:        27952 kB
KernelStack:        5920 kB
PageTables:        10944 kB
NFS_Unstable:          0 kB
Bounce:                0 kB
WritebackTmp:          0 kB
CommitLimit:      504276 kB
Committed_AS:    1242068 kB
VmallocTotal:   34359738367 kB
VmallocUsed:           0 kB
VmallocChunk:          0 kB
HardwareCorrupted:     0 kB
AnonHugePages:         0 kB
ShmemHugePages:        0 kB
ShmemPmdMapped:        0 kB
CmaTotal:              0 kB
CmaFree:               0 kB
HugePages_Total:       0
HugePages_Free:        0
HugePages_Rsvd:        0
HugePages_Surp:        0
Hugepagesize:       2048 kB
DirectMap4k:       63424 kB
DirectMap2M:      985088 kB

/sys/kernel/mm/transparent_hugepage/enabled:
always [madvise] never
/sys/kernel/mm/transparent_hugepage/defrag (defrag/compaction efforts parameter):
always defer defer+madvise [madvise] never

Process Memory:
Virtual Size: 512984K (peak: 515480K)
Resident Set Size: 1788K (peak: 6624K) (anon: 1788K, file: 0K, shmem: 0K)
Swapped out: 0K
C-Heap outstanding allocations: 276K

/proc/sys/kernel/threads-max (system-wide limit on the number of threads):
7670
/proc/sys/vm/max_map_count (maximum number of memory map areas a process may have):
65530
/proc/sys/kernel/pid_max (system-wide limit on number of process identifiers):
32768

container (cgroup) information:
container_type: cgroupv1
cpu_cpuset_cpus: 0-1
cpu_memory_nodes: 0
active_processor_count: 2
cpu_quota: -1
cpu_period: 100000
cpu_shares: -1
memory_limit_in_bytes: -1
memory_and_swap_limit_in_bytes: -2
memory_soft_limit_in_bytes: -1
memory_usage_in_bytes: 877522944
memory_max_usage_in_bytes: 890871808

Steal ticks since vm start: 0
Steal ticks percentage since vm start:  0.000

CPU:total 2 (initial active 2) 
CPU Model and flags from /proc/cpuinfo:
model name	: Intel(R) Core(TM) i7-8550U CPU @ 1.80GHz
flags		: fpu vme de pse tsc msr pae mce cx8 apic sep mtrr pge mca cmov pat pse36 clflush mmx fxsr sse sse2 ht syscall nx rdtscp lm constant_tsc rep_good nopl xtopology nonstop_tsc cpuid tsc_known_freq pni pclmulqdq ssse3 cx16 pcid sse4_1 sse4_2 x2apic movbe popcnt aes xsave avx rdrand hypervisor lahf_lm abm 3dnowprefetch invpcid_single pti fsgsbase avx2 invpcid rdseed clflushopt md_clear flush_l1d
Online cpus:
0-1
Offline cpus:

BIOS frequency limitation:
<Not Available>
Frequency switch latency (ns):
<Not Available>
Available cpu frequencies:
<Not Available>
Current governor:
<Not Available>
Core performance/turbo boost:
<Not Available>

Memory: 4k page, physical 1008552k(59420k free), swap 0k(0k free)

vm_info: OpenJDK 64-Bit Server VM (11.0.11+9-Ubuntu-0ubuntu2.18.04) for linux-amd64 JRE (11.0.11+9-Ubuntu-0ubuntu2.18.04), built on Apr 21 2021 09:15:32 by "unknown" with gcc 8.4.0

END.
