#
# There is insufficient memory for the Java Runtime Environment to continue.
# Native memory allocation (mmap) failed to map 262144 bytes for committing reserved memory.
# Possible reasons:
#   The system is out of physical RAM or swap space
#   The process is running with CompressedOops enabled, and the Java Heap may be blocking the growth of the native heap
# Possible solutions:
#   Reduce memory load on the system
#   Increase physical memory or swap space
#   Check if swap backing store is full
#   Decrease Java heap size (-Xmx/-Xms)
#   Decrease number of Java threads
#   Decrease Java thread stack sizes (-Xss)
#   Set larger code cache with -XX:ReservedCodeCacheSize=
#   JVM is running with Unscaled Compressed Oops mode in which the Java heap is
#     placed in the first 4GB address space. The Java Heap base address is the
#     maximum limit for the native heap growth. Please use -XX:HeapBaseMinAddress
#     to set the Java Heap base and to place the Java Heap above 4GB virtual address.
# This output file may be truncated or incomplete.
#
#  Out of Memory Error (os_linux.cpp:2985), pid=4595, tid=4596
#
# JRE version: OpenJDK Runtime Environment (11.0.11+9) (build 11.0.11+9-Ubuntu-0ubuntu2.18.04)
# Java VM: OpenJDK 64-Bit Server VM (11.0.11+9-Ubuntu-0ubuntu2.18.04, mixed mode, sharing, tiered, compressed oops, serial gc, linux-amd64)
# Core dump will be written. Default location: Core dumps may be processed with "/usr/share/apport/apport %p %s %c %d %P %E" (or dumping to /vagrant/project-1/core.4595)
#

---------------  S U M M A R Y ------------

Command Line: -javaagent:/home/vagrant/.m2/repository/org/jacoco/org.jacoco.agent/0.8.5/org.jacoco.agent-0.8.5-runtime.jar=destfile=/vagrant/project-1/target/jacoco.exec /vagrant/project-1/target/surefire/surefirebooter16912519208429878733.jar /vagrant/project-1/target/surefire 2021-10-04T03-06-00_797-jvmRun1 surefire11120911923799461570tmp surefire_018348908523655354016tmp

Host: Intel(R) Core(TM) i7-8550U CPU @ 1.80GHz, 2 cores, 984M, Ubuntu 18.04.6 LTS
Time: Mon Oct  4 03:06:27 2021 UTC elapsed time: 25.804256 seconds (0d 0h 0m 25s)

---------------  T H R E A D  ---------------

Current thread (0x00007f99e8017800):  JavaThread "main" [_thread_in_vm, id=4596, stack(0x00007f99efdb6000,0x00007f99efeb7000)]

Stack: [0x00007f99efdb6000,0x00007f99efeb7000],  sp=0x00007f99efeb1400,  free space=1005k
Native frames: (J=compiled Java code, A=aot compiled Java code, j=interpreted, Vv=VM code, C=native code)
V  [libjvm.so+0xe1c39a]
V  [libjvm.so+0xe1d04b]
V  [libjvm.so+0x649755]
V  [libjvm.so+0xb7692a]
V  [libjvm.so+0xb6cc7f]
V  [libjvm.so+0xe147db]
V  [libjvm.so+0xe13ff3]
V  [libjvm.so+0xe1302c]
V  [libjvm.so+0xe1320b]
V  [libjvm.so+0xd0d17a]
V  [libjvm.so+0xd0d7d6]
V  [libjvm.so+0xd0d9db]
V  [libjvm.so+0xaf0353]
V  [libjvm.so+0xb0ed0d]
V  [libjvm.so+0xaffa0e]
V  [libjvm.so+0xdcbfee]
V  [libjvm.so+0xdcafe1]
V  [libjvm.so+0x826c2d]
V  [libjvm.so+0x827108]
j  org.jacoco.agent.rt.internal_43f5073.asm.ClassReader.accept(Lorg/jacoco/agent/rt/internal_43f5073/asm/ClassVisitor;[Lorg/jacoco/agent/rt/internal_43f5073/asm/Attribute;I)V+1191
j  org.jacoco.agent.rt.internal_43f5073.asm.ClassReader.accept(Lorg/jacoco/agent/rt/internal_43f5073/asm/ClassVisitor;I)V+7
j  org.jacoco.agent.rt.internal_43f5073.core.instr.Instrumenter.instrument([B)[B+74
J 1086 c1 org.jacoco.agent.rt.internal_43f5073.CoverageTransformer.transform(Ljava/lang/ClassLoader;Ljava/lang/String;Ljava/lang/Class;Ljava/security/ProtectionDomain;[B)[B (78 bytes) @ 0x00007f99d0e62324 [0x00007f99d0e62140+0x00000000000001e4]
J 1010 c1 java.lang.instrument.ClassFileTransformer.transform(Ljava/lang/Module;Ljava/lang/ClassLoader;Ljava/lang/String;Ljava/lang/Class;Ljava/security/ProtectionDomain;[B)[B java.instrument@11.0.11 (15 bytes) @ 0x00007f99d0e2c6fc [0x00007f99d0e2c5c0+0x000000000000013c]
J 1009 c1 sun.instrument.TransformerManager.transform(Ljava/lang/Module;Ljava/lang/ClassLoader;Ljava/lang/String;Ljava/lang/Class;Ljava/security/ProtectionDomain;[B)[B java.instrument@11.0.11 (100 bytes) @ 0x00007f99d0e2a8fc [0x00007f99d0e2a6e0+0x000000000000021c]
J 1008 c1 sun.instrument.InstrumentationImpl.transform(Ljava/lang/Module;Ljava/lang/ClassLoader;Ljava/lang/String;Ljava/lang/Class;Ljava/security/ProtectionDomain;[BZ)[B java.instrument@11.0.11 (73 bytes) @ 0x00007f99d0e2a2b4 [0x00007f99d0e2a000+0x00000000000002b4]
v  ~StubRoutines::call_stub
V  [libjvm.so+0x82db91]
V  [libjvm.so+0x8a5ae0]
V  [libjvm.so+0x8a6446]
C  [libinstrument.so+0x4532]
C  [libinstrument.so+0x337f]
V  [libjvm.so+0x99fa80]
V  [libjvm.so+0x99294d]
V  [libjvm.so+0x9c508b]
V  [libjvm.so+0xd82654]
V  [libjvm.so+0x8d585a]
V  [libjvm.so+0x8d5ac9]  JVM_DefineClassWithSource+0x69
C  [libjava.so+0xe608]  Java_java_lang_ClassLoader_defineClass1+0x138
j  java.lang.ClassLoader.defineClass1(Ljava/lang/ClassLoader;Ljava/lang/String;[BIILjava/security/ProtectionDomain;Ljava/lang/String;)Ljava/lang/Class;+0 java.base@11.0.11
j  java.lang.ClassLoader.defineClass(Ljava/lang/String;[BIILjava/security/ProtectionDomain;)Ljava/lang/Class;+27 java.base@11.0.11
J 986 c1 java.security.SecureClassLoader.defineClass(Ljava/lang/String;[BIILjava/security/CodeSource;)Ljava/lang/Class; java.base@11.0.11 (16 bytes) @ 0x00007f99d0e1764c [0x00007f99d0e17560+0x00000000000000ec]
j  jdk.internal.loader.BuiltinClassLoader.defineClass(Ljava/lang/String;Ljdk/internal/loader/Resource;)Ljava/lang/Class;+117 java.base@11.0.11
J 891 c1 jdk.internal.loader.BuiltinClassLoader.findClassOnClassPathOrNull(Ljava/lang/String;)Ljava/lang/Class; java.base@11.0.11 (64 bytes) @ 0x00007f99d0de52bc [0x00007f99d0de50c0+0x00000000000001fc]
J 460 c1 jdk.internal.loader.BuiltinClassLoader.loadClassOrNull(Ljava/lang/String;Z)Ljava/lang/Class; java.base@11.0.11 (143 bytes) @ 0x00007f99d0cb0fb4 [0x00007f99d0cafe00+0x00000000000011b4]
J 803 c1 jdk.internal.loader.ClassLoaders$AppClassLoader.loadClass(Ljava/lang/String;Z)Ljava/lang/Class; java.base@11.0.11 (40 bytes) @ 0x00007f99d0da264c [0x00007f99d0da2060+0x00000000000005ec]
J 802 c1 java.lang.ClassLoader.loadClass(Ljava/lang/String;)Ljava/lang/Class; java.base@11.0.11 (7 bytes) @ 0x00007f99d0da1c6c [0x00007f99d0da1b40+0x000000000000012c]
v  ~StubRoutines::call_stub
V  [libjvm.so+0x82db91]
V  [libjvm.so+0x82c030]
V  [libjvm.so+0x82c17e]
V  [libjvm.so+0xd842cb]
V  [libjvm.so+0xd831d2]
V  [libjvm.so+0xd856e6]
V  [libjvm.so+0x6403ad]
V  [libjvm.so+0x640812]
V  [libjvm.so+0x9f2503]
V  [libjvm.so+0x826695]
V  [libjvm.so+0x827aed]
j  com.google.gson.Gson.<init>()V+5
j  edu.brown.cs.student.main.JsonHandler.<clinit>()V+10
v  ~StubRoutines::call_stub
V  [libjvm.so+0x82db91]
V  [libjvm.so+0x80b6dd]
V  [libjvm.so+0x80bab3]
V  [libjvm.so+0x824c30]
j  edu.brown.cs.student.main.JSONHandlerTest.testReadJsonfile()V+6
v  ~StubRoutines::call_stub
V  [libjvm.so+0x82db91]
V  [libjvm.so+0xc13494]
V  [libjvm.so+0xc13d64]
V  [libjvm.so+0x8d3f77]  JVM_InvokeMethod+0xf7
j  jdk.internal.reflect.NativeMethodAccessorImpl.invoke0(Ljava/lang/reflect/Method;Ljava/lang/Object;[Ljava/lang/Object;)Ljava/lang/Object;+0 java.base@11.0.11
j  jdk.internal.reflect.NativeMethodAccessorImpl.invoke(Ljava/lang/Object;[Ljava/lang/Object;)Ljava/lang/Object;+100 java.base@11.0.11
j  jdk.internal.reflect.DelegatingMethodAccessorImpl.invoke(Ljava/lang/Object;[Ljava/lang/Object;)Ljava/lang/Object;+6 java.base@11.0.11
j  java.lang.reflect.Method.invoke(Ljava/lang/Object;[Ljava/lang/Object;)Ljava/lang/Object;+59 java.base@11.0.11
j  org.junit.runners.model.FrameworkMethod$1.runReflectiveCall()Ljava/lang/Object;+19
j  org.junit.internal.runners.model.ReflectiveCallable.run()Ljava/lang/Object;+5
j  org.junit.runners.model.FrameworkMethod.invokeExplosively(Ljava/lang/Object;[Ljava/lang/Object;)Ljava/lang/Object;+14
j  org.junit.internal.runners.statements.InvokeMethod.evaluate()V+16
j  org.junit.runners.ParentRunner$3.evaluate()V+8
j  org.junit.runners.BlockJUnit4ClassRunner$1.evaluate()V+15
j  org.junit.runners.ParentRunner.runLeaf(Lorg/junit/runners/model/Statement;Lorg/junit/runner/Description;Lorg/junit/runner/notification/RunNotifier;)V+34
j  org.junit.runners.BlockJUnit4ClassRunner.runChild(Lorg/junit/runners/model/FrameworkMethod;Lorg/junit/runner/notification/RunNotifier;)V+63
j  org.junit.runners.BlockJUnit4ClassRunner.runChild(Ljava/lang/Object;Lorg/junit/runner/notification/RunNotifier;)V+10
j  org.junit.runners.ParentRunner$4.run()V+16
j  org.junit.runners.ParentRunner$1.schedule(Ljava/lang/Runnable;)V+5
j  org.junit.runners.ParentRunner.runChildren(Lorg/junit/runner/notification/RunNotifier;)V+66
j  org.junit.runners.ParentRunner.access$100(Lorg/junit/runners/ParentRunner;Lorg/junit/runner/notification/RunNotifier;)V+6
j  org.junit.runners.ParentRunner$2.evaluate()V+12
j  org.junit.runners.ParentRunner$3.evaluate()V+8
j  org.junit.runners.ParentRunner.run(Lorg/junit/runner/notification/RunNotifier;)V+45
j  org.apache.maven.surefire.junit4.JUnit4Provider.execute(Ljava/lang/Class;Lorg/apache/maven/surefire/common/junit4/Notifier;Lorg/junit/runner/manipulation/Filter;)V+137
j  org.apache.maven.surefire.junit4.JUnit4Provider.executeWithRerun(Ljava/lang/Class;Lorg/apache/maven/surefire/common/junit4/Notifier;)V+122
j  org.apache.maven.surefire.junit4.JUnit4Provider.executeTestSet(Ljava/lang/Class;Lorg/apache/maven/surefire/report/RunListener;Lorg/apache/maven/surefire/common/junit4/Notifier;)V+47
j  org.apache.maven.surefire.junit4.JUnit4Provider.invoke(Ljava/lang/Object;)Lorg/apache/maven/surefire/suite/RunResult;+340
j  org.apache.maven.surefire.booter.ForkedBooter.runSuitesInProcess()V+16
j  org.apache.maven.surefire.booter.ForkedBooter.execute()V+5
j  org.apache.maven.surefire.booter.ForkedBooter.run(Lorg/apache/maven/surefire/booter/ForkedBooter;[Ljava/lang/String;)V+47
j  org.apache.maven.surefire.booter.ForkedBooter.main([Ljava/lang/String;)V+19
...<more frames>...

Java frames: (J=compiled Java code, j=interpreted, Vv=VM code)
j  org.jacoco.agent.rt.internal_43f5073.asm.ClassReader.accept(Lorg/jacoco/agent/rt/internal_43f5073/asm/ClassVisitor;[Lorg/jacoco/agent/rt/internal_43f5073/asm/Attribute;I)V+1191
j  org.jacoco.agent.rt.internal_43f5073.asm.ClassReader.accept(Lorg/jacoco/agent/rt/internal_43f5073/asm/ClassVisitor;I)V+7
j  org.jacoco.agent.rt.internal_43f5073.core.instr.Instrumenter.instrument([B)[B+74
J 1086 c1 org.jacoco.agent.rt.internal_43f5073.CoverageTransformer.transform(Ljava/lang/ClassLoader;Ljava/lang/String;Ljava/lang/Class;Ljava/security/ProtectionDomain;[B)[B (78 bytes) @ 0x00007f99d0e62324 [0x00007f99d0e62140+0x00000000000001e4]
J 1010 c1 java.lang.instrument.ClassFileTransformer.transform(Ljava/lang/Module;Ljava/lang/ClassLoader;Ljava/lang/String;Ljava/lang/Class;Ljava/security/ProtectionDomain;[B)[B java.instrument@11.0.11 (15 bytes) @ 0x00007f99d0e2c6fc [0x00007f99d0e2c5c0+0x000000000000013c]
J 1009 c1 sun.instrument.TransformerManager.transform(Ljava/lang/Module;Ljava/lang/ClassLoader;Ljava/lang/String;Ljava/lang/Class;Ljava/security/ProtectionDomain;[B)[B java.instrument@11.0.11 (100 bytes) @ 0x00007f99d0e2a8fc [0x00007f99d0e2a6e0+0x000000000000021c]
J 1008 c1 sun.instrument.InstrumentationImpl.transform(Ljava/lang/Module;Ljava/lang/ClassLoader;Ljava/lang/String;Ljava/lang/Class;Ljava/security/ProtectionDomain;[BZ)[B java.instrument@11.0.11 (73 bytes) @ 0x00007f99d0e2a2b4 [0x00007f99d0e2a000+0x00000000000002b4]
v  ~StubRoutines::call_stub
j  java.lang.ClassLoader.defineClass1(Ljava/lang/ClassLoader;Ljava/lang/String;[BIILjava/security/ProtectionDomain;Ljava/lang/String;)Ljava/lang/Class;+0 java.base@11.0.11
j  java.lang.ClassLoader.defineClass(Ljava/lang/String;[BIILjava/security/ProtectionDomain;)Ljava/lang/Class;+27 java.base@11.0.11
J 986 c1 java.security.SecureClassLoader.defineClass(Ljava/lang/String;[BIILjava/security/CodeSource;)Ljava/lang/Class; java.base@11.0.11 (16 bytes) @ 0x00007f99d0e1764c [0x00007f99d0e17560+0x00000000000000ec]
j  jdk.internal.loader.BuiltinClassLoader.defineClass(Ljava/lang/String;Ljdk/internal/loader/Resource;)Ljava/lang/Class;+117 java.base@11.0.11
J 891 c1 jdk.internal.loader.BuiltinClassLoader.findClassOnClassPathOrNull(Ljava/lang/String;)Ljava/lang/Class; java.base@11.0.11 (64 bytes) @ 0x00007f99d0de52bc [0x00007f99d0de50c0+0x00000000000001fc]
J 460 c1 jdk.internal.loader.BuiltinClassLoader.loadClassOrNull(Ljava/lang/String;Z)Ljava/lang/Class; java.base@11.0.11 (143 bytes) @ 0x00007f99d0cb0fb4 [0x00007f99d0cafe00+0x00000000000011b4]
J 803 c1 jdk.internal.loader.ClassLoaders$AppClassLoader.loadClass(Ljava/lang/String;Z)Ljava/lang/Class; java.base@11.0.11 (40 bytes) @ 0x00007f99d0da264c [0x00007f99d0da2060+0x00000000000005ec]
J 802 c1 java.lang.ClassLoader.loadClass(Ljava/lang/String;)Ljava/lang/Class; java.base@11.0.11 (7 bytes) @ 0x00007f99d0da1c6c [0x00007f99d0da1b40+0x000000000000012c]
v  ~StubRoutines::call_stub
j  com.google.gson.Gson.<init>()V+5
j  edu.brown.cs.student.main.JsonHandler.<clinit>()V+10
v  ~StubRoutines::call_stub
j  edu.brown.cs.student.main.JSONHandlerTest.testReadJsonfile()V+6
v  ~StubRoutines::call_stub
j  jdk.internal.reflect.NativeMethodAccessorImpl.invoke0(Ljava/lang/reflect/Method;Ljava/lang/Object;[Ljava/lang/Object;)Ljava/lang/Object;+0 java.base@11.0.11
j  jdk.internal.reflect.NativeMethodAccessorImpl.invoke(Ljava/lang/Object;[Ljava/lang/Object;)Ljava/lang/Object;+100 java.base@11.0.11
j  jdk.internal.reflect.DelegatingMethodAccessorImpl.invoke(Ljava/lang/Object;[Ljava/lang/Object;)Ljava/lang/Object;+6 java.base@11.0.11
j  java.lang.reflect.Method.invoke(Ljava/lang/Object;[Ljava/lang/Object;)Ljava/lang/Object;+59 java.base@11.0.11
j  org.junit.runners.model.FrameworkMethod$1.runReflectiveCall()Ljava/lang/Object;+19
j  org.junit.internal.runners.model.ReflectiveCallable.run()Ljava/lang/Object;+5
j  org.junit.runners.model.FrameworkMethod.invokeExplosively(Ljava/lang/Object;[Ljava/lang/Object;)Ljava/lang/Object;+14
j  org.junit.internal.runners.statements.InvokeMethod.evaluate()V+16
j  org.junit.runners.ParentRunner$3.evaluate()V+8
j  org.junit.runners.BlockJUnit4ClassRunner$1.evaluate()V+15
j  org.junit.runners.ParentRunner.runLeaf(Lorg/junit/runners/model/Statement;Lorg/junit/runner/Description;Lorg/junit/runner/notification/RunNotifier;)V+34
j  org.junit.runners.BlockJUnit4ClassRunner.runChild(Lorg/junit/runners/model/FrameworkMethod;Lorg/junit/runner/notification/RunNotifier;)V+63
j  org.junit.runners.BlockJUnit4ClassRunner.runChild(Ljava/lang/Object;Lorg/junit/runner/notification/RunNotifier;)V+10
j  org.junit.runners.ParentRunner$4.run()V+16
j  org.junit.runners.ParentRunner$1.schedule(Ljava/lang/Runnable;)V+5
j  org.junit.runners.ParentRunner.runChildren(Lorg/junit/runner/notification/RunNotifier;)V+66
j  org.junit.runners.ParentRunner.access$100(Lorg/junit/runners/ParentRunner;Lorg/junit/runner/notification/RunNotifier;)V+6
j  org.junit.runners.ParentRunner$2.evaluate()V+12
j  org.junit.runners.ParentRunner$3.evaluate()V+8
j  org.junit.runners.ParentRunner.run(Lorg/junit/runner/notification/RunNotifier;)V+45
j  org.apache.maven.surefire.junit4.JUnit4Provider.execute(Ljava/lang/Class;Lorg/apache/maven/surefire/common/junit4/Notifier;Lorg/junit/runner/manipulation/Filter;)V+137
j  org.apache.maven.surefire.junit4.JUnit4Provider.executeWithRerun(Ljava/lang/Class;Lorg/apache/maven/surefire/common/junit4/Notifier;)V+122
j  org.apache.maven.surefire.junit4.JUnit4Provider.executeTestSet(Ljava/lang/Class;Lorg/apache/maven/surefire/report/RunListener;Lorg/apache/maven/surefire/common/junit4/Notifier;)V+47
j  org.apache.maven.surefire.junit4.JUnit4Provider.invoke(Ljava/lang/Object;)Lorg/apache/maven/surefire/suite/RunResult;+340
j  org.apache.maven.surefire.booter.ForkedBooter.runSuitesInProcess()V+16
j  org.apache.maven.surefire.booter.ForkedBooter.execute()V+5
j  org.apache.maven.surefire.booter.ForkedBooter.run(Lorg/apache/maven/surefire/booter/ForkedBooter;[Ljava/lang/String;)V+47
j  org.apache.maven.surefire.booter.ForkedBooter.main([Ljava/lang/String;)V+19
v  ~StubRoutines::call_stub

---------------  P R O C E S S  ---------------

Threads class SMR info:
_java_thread_list=0x00007f99e839cd00, length=10, elements={
0x00007f99e8017800, 0x00007f99e80b9800, 0x00007f99e80bb800, 0x00007f99e80c4800,
0x00007f99e80c6800, 0x00007f99e80c8800, 0x00007f99e80ca800, 0x00007f99e80cc800,
0x00007f99e80ed800, 0x00007f99e837c800
}

Java Threads: ( => current thread )
=>0x00007f99e8017800 JavaThread "main" [_thread_in_vm, id=4596, stack(0x00007f99efdb6000,0x00007f99efeb7000)]
  0x00007f99e80b9800 JavaThread "Reference Handler" daemon [_thread_blocked, id=4598, stack(0x00007f99cf9bb000,0x00007f99cfabc000)]
  0x00007f99e80bb800 JavaThread "Finalizer" daemon [_thread_blocked, id=4599, stack(0x00007f99cf8ba000,0x00007f99cf9bb000)]
  0x00007f99e80c4800 JavaThread "Signal Dispatcher" daemon [_thread_blocked, id=4600, stack(0x00007f99cf4ab000,0x00007f99cf5ac000)]
  0x00007f99e80c6800 JavaThread "Service Thread" daemon [_thread_blocked, id=4601, stack(0x00007f99cf3aa000,0x00007f99cf4ab000)]
  0x00007f99e80c8800 JavaThread "C2 CompilerThread0" daemon [_thread_in_native, id=4602, stack(0x00007f99cf2a9000,0x00007f99cf3aa000)]
  0x00007f99e80ca800 JavaThread "C1 CompilerThread0" daemon [_thread_in_native, id=4603, stack(0x00007f99cf1a8000,0x00007f99cf2a9000)]
  0x00007f99e80cc800 JavaThread "Sweeper thread" daemon [_thread_blocked, id=4604, stack(0x00007f99cf0a7000,0x00007f99cf1a8000)]
  0x00007f99e80ed800 JavaThread "Common-Cleaner" daemon [_thread_blocked, id=4609, stack(0x00007f99cefa6000,0x00007f99cf0a7000)]
  0x00007f99e837c800 JavaThread "surefire-forkedjvm-command-thread" daemon [_thread_in_native, id=4611, stack(0x00007f99ce97b000,0x00007f99cea7c000)]

Other Threads:
  0x00007f99e80b6800 VMThread "VM Thread" [stack: 0x00007f99cfabe000,0x00007f99cfbbe000] [id=4597]
  0x00007f99e8348800 WatcherThread [stack: 0x00007f99cea7e000,0x00007f99ceb7e000] [id=4610]

Threads with active compile tasks:
C2 CompilerThread0  25912 1136 %     4       org.jacoco.agent.rt.internal_43f5073.asm.ClassReader::readCode @ 2165 (5089 bytes)
C1 CompilerThread0  25918 1141       3       jdk.internal.loader.Resource::getByteBuffer (24 bytes)

VM state:not at safepoint (normal execution)

VM Mutex/Monitor currently owned by a thread:  ([mutex/lock_event])
[0x00007f99e8012a50] MetaspaceExpand_lock - owner thread: 0x00007f99e8017800
[0x00007f99e80144c0] MethodData_lock - owner thread: 0x00007f99e8017800

Heap address: 0x00000000f0800000, size: 248 MB, Compressed Oops mode: 32-bit
Narrow klass base: 0x0000000800000000, Narrow klass shift: 3
Compressed class space size: 1073741824 Address: 0x0000000840000000

Heap:
 def new generation   total 4928K, used 871K [0x00000000f0800000, 0x00000000f0d50000, 0x00000000f5aa0000)
  eden space 4416K,  13% used [0x00000000f0800000, 0x00000000f08983f0, 0x00000000f0c50000)
  from space 512K,  51% used [0x00000000f0c50000, 0x00000000f0c91988, 0x00000000f0cd0000)
  to   space 512K,   0% used [0x00000000f0cd0000, 0x00000000f0cd0000, 0x00000000f0d50000)
 tenured generation   total 10944K, used 2328K [0x00000000f5aa0000, 0x00000000f6550000, 0x0000000100000000)
   the space 10944K,  21% used [0x00000000f5aa0000, 0x00000000f5ce60f8, 0x00000000f5ce6200, 0x00000000f6550000)
 Metaspace       used 4871K, capacity 7065K, committed 7168K, reserved 1056768K
  class space    used 495K, capacity 716K, committed 768K, reserved 1048576K

Card table byte_map: [0x00007f99efd25000,0x00007f99efda2000] _byte_map_base: 0x00007f99ef5a1000

Polling page: 0x00007f99efec0000

Metaspace:

Usage:
  Non-class:      6.20 MB capacity,     4.27 MB ( 69%) used,     1.92 MB ( 31%) free+waste,     9.81 KB ( <1%) overhead. 
      Class:    716.00 KB capacity,   495.74 KB ( 69%) used,   215.26 KB ( 30%) free+waste,     5.00 KB ( <1%) overhead. 
       Both:      6.90 MB capacity,     4.76 MB ( 69%) used,     2.13 MB ( 31%) free+waste,    14.81 KB ( <1%) overhead. 

Virtual space:
  Non-class space:        8.00 MB reserved,       6.25 MB ( 78%) committed 
      Class space:        1.00 GB reserved,     768.00 KB ( <1%) committed 
             Both:        1.01 GB reserved,       7.00 MB ( <1%) committed 

Chunk freelists:
   Non-Class:  11.00 KB
       Class:  20.00 KB
        Both:  31.00 KB

MaxMetaspaceSize: unlimited
CompressedClassSpaceSize: 1.00 GB

CodeHeap 'non-profiled nmethods': size=120036Kb used=575Kb max_used=575Kb free=119461Kb
 bounds [0x00007f99d8137000, 0x00007f99d83a7000, 0x00007f99df670000]
CodeHeap 'profiled nmethods': size=120032Kb used=2583Kb max_used=2583Kb free=117448Kb
 bounds [0x00007f99d0bff000, 0x00007f99d0e8f000, 0x00007f99d8137000]
CodeHeap 'non-nmethods': size=5692Kb used=1087Kb max_used=1128Kb free=4604Kb
 bounds [0x00007f99d0670000, 0x00007f99d08e0000, 0x00007f99d0bff000]
 total_blobs=1504 nmethods=1098 adapters=321
 compilation: enabled
              stopped_count=0, restarted_count=0
 full_count=0

Compilation events (20 events):
Event: 22.565 Thread 0x00007f99e80ca800 nmethod 1117 0x00007f99d0e82690 code [0x00007f99d0e828c0, 0x00007f99d0e82f20]
Event: 23.240 Thread 0x00007f99e80ca800 1118       2       org.jacoco.agent.rt.internal_43f5073.asm.SymbolTable::addConstantLongOrDouble (109 bytes)
Event: 23.294 Thread 0x00007f99e80ca800 nmethod 1118 0x00007f99d0e83190 code [0x00007f99d0e83380, 0x00007f99d0e83730]
Event: 23.358 Thread 0x00007f99e80c8800 nmethod 1107% 0x00007f99d81b5290 code [0x00007f99d81b5a60, 0x00007f99d81bcde8]
Event: 23.438 Thread 0x00007f99e80c8800 1111       4       org.jacoco.agent.rt.internal_43f5073.core.internal.flow.LabelInfo::get (21 bytes)
Event: 23.498 Thread 0x00007f99e80c8800 nmethod 1111 0x00007f99d81c4110 code [0x00007f99d81c42a0, 0x00007f99d81c4318]
Event: 23.606 Thread 0x00007f99e80c8800 1122       4       org.jacoco.agent.rt.internal_43f5073.asm.commons.AnalyzerAdapter::pop (44 bytes)
Event: 23.714 Thread 0x00007f99e80c8800 nmethod 1122 0x00007f99d81c4410 code [0x00007f99d81c45c0, 0x00007f99d81c48f8]
Event: 23.785 Thread 0x00007f99e80ca800 1123       3       org.jacoco.agent.rt.internal_43f5073.asm.AnnotationWriter::create (34 bytes)
Event: 23.785 Thread 0x00007f99e80c8800 1124       4       org.jacoco.agent.rt.internal_43f5073.asm.tree.MethodNode::visitVarInsn (17 bytes)
Event: 23.983 Thread 0x00007f99e80ca800 nmethod 1123 0x00007f99d0e83990 code [0x00007f99d0e83ba0, 0x00007f99d0e84010]
Event: 24.081 Thread 0x00007f99e80c8800 nmethod 1124 0x00007f99d81c4b90 code [0x00007f99d81c4d40, 0x00007f99d81c4ed8]
Event: 24.124 Thread 0x00007f99e80c8800 1126       4       org.jacoco.agent.rt.internal_43f5073.asm.Frame::getAbstractTypeFromApiFormat (60 bytes)
Event: 24.310 Thread 0x00007f99e80c8800 nmethod 1126 0x00007f99d81c5010 code [0x00007f99d81c5220, 0x00007f99d81c5dc8]
Event: 24.407 Thread 0x00007f99e80ca800 1128       3       java.util.zip.ZipFile$Source::getEntryPos (9 bytes)
Event: 24.448 Thread 0x00007f99e80ca800 nmethod 1128 0x00007f99d0e84210 code [0x00007f99d0e843c0, 0x00007f99d0e84510]
Event: 24.831 Thread 0x00007f99e80ca800 1130       3       java.lang.ClassLoader::getDefinedPackage (35 bytes)
Event: 24.983 Thread 0x00007f99e80c8800 1136 %     4       org.jacoco.agent.rt.internal_43f5073.asm.ClassReader::readCode @ 2165 (5089 bytes)
Event: 25.067 Thread 0x00007f99e80ca800 nmethod 1130 0x00007f99d0e84610 code [0x00007f99d0e84820, 0x00007f99d0e84dc0]
Event: 25.669 Thread 0x00007f99e80ca800 1141       3       jdk.internal.loader.Resource::getByteBuffer (24 bytes)

GC Heap History (16 events):
Event: 0.429 GC heap before
{Heap before GC invocations=0 (full 0):
 def new generation   total 4928K, used 4416K [0x00000000f0800000, 0x00000000f0d50000, 0x00000000f5aa0000)
  eden space 4416K, 100% used [0x00000000f0800000, 0x00000000f0c50000, 0x00000000f0c50000)
  from space 512K,   0% used [0x00000000f0c50000, 0x00000000f0c50000, 0x00000000f0cd0000)
  to   space 512K,   0% used [0x00000000f0cd0000, 0x00000000f0cd0000, 0x00000000f0d50000)
 tenured generation   total 10944K, used 0K [0x00000000f5aa0000, 0x00000000f6550000, 0x0000000100000000)
   the space 10944K,   0% used [0x00000000f5aa0000, 0x00000000f5aa0000, 0x00000000f5aa0200, 0x00000000f6550000)
 Metaspace       used 1318K, capacity 4752K, committed 4864K, reserved 1056768K
  class space    used 144K, capacity 456K, committed 512K, reserved 1048576K
}
Event: 0.432 GC heap after
{Heap after GC invocations=1 (full 0):
 def new generation   total 4928K, used 512K [0x00000000f0800000, 0x00000000f0d50000, 0x00000000f5aa0000)
  eden space 4416K,   0% used [0x00000000f0800000, 0x00000000f0800000, 0x00000000f0c50000)
  from space 512K, 100% used [0x00000000f0cd0000, 0x00000000f0d50000, 0x00000000f0d50000)
  to   space 512K,   0% used [0x00000000f0c50000, 0x00000000f0c50000, 0x00000000f0cd0000)
 tenured generation   total 10944K, used 1320K [0x00000000f5aa0000, 0x00000000f6550000, 0x0000000100000000)
   the space 10944K,  12% used [0x00000000f5aa0000, 0x00000000f5bea288, 0x00000000f5bea400, 0x00000000f6550000)
 Metaspace       used 1318K, capacity 4752K, committed 4864K, reserved 1056768K
  class space    used 144K, capacity 456K, committed 512K, reserved 1048576K
}
Event: 0.750 GC heap before
{Heap before GC invocations=1 (full 0):
 def new generation   total 4928K, used 4928K [0x00000000f0800000, 0x00000000f0d50000, 0x00000000f5aa0000)
  eden space 4416K, 100% used [0x00000000f0800000, 0x00000000f0c50000, 0x00000000f0c50000)
  from space 512K, 100% used [0x00000000f0cd0000, 0x00000000f0d50000, 0x00000000f0d50000)
  to   space 512K,   0% used [0x00000000f0c50000, 0x00000000f0c50000, 0x00000000f0cd0000)
 tenured generation   total 10944K, used 1320K [0x00000000f5aa0000, 0x00000000f6550000, 0x0000000100000000)
   the space 10944K,  12% used [0x00000000f5aa0000, 0x00000000f5bea288, 0x00000000f5bea400, 0x00000000f6550000)
 Metaspace       used 2224K, capacity 5400K, committed 5760K, reserved 1056768K
  class space    used 220K, capacity 523K, committed 640K, reserved 1048576K
}
Event: 0.764 GC heap after
{Heap after GC invocations=2 (full 0):
 def new generation   total 4928K, used 179K [0x00000000f0800000, 0x00000000f0d50000, 0x00000000f5aa0000)
  eden space 4416K,   0% used [0x00000000f0800000, 0x00000000f0800000, 0x00000000f0c50000)
  from space 512K,  34% used [0x00000000f0c50000, 0x00000000f0c7cc38, 0x00000000f0cd0000)
  to   space 512K,   0% used [0x00000000f0cd0000, 0x00000000f0cd0000, 0x00000000f0d50000)
 tenured generation   total 10944K, used 1828K [0x00000000f5aa0000, 0x00000000f6550000, 0x0000000100000000)
   the space 10944K,  16% used [0x00000000f5aa0000, 0x00000000f5c69340, 0x00000000f5c69400, 0x00000000f6550000)
 Metaspace       used 2224K, capacity 5400K, committed 5760K, reserved 1056768K
  class space    used 220K, capacity 523K, committed 640K, reserved 1048576K
}
Event: 0.913 GC heap before
{Heap before GC invocations=2 (full 0):
 def new generation   total 4928K, used 4595K [0x00000000f0800000, 0x00000000f0d50000, 0x00000000f5aa0000)
  eden space 4416K, 100% used [0x00000000f0800000, 0x00000000f0c50000, 0x00000000f0c50000)
  from space 512K,  34% used [0x00000000f0c50000, 0x00000000f0c7cc38, 0x00000000f0cd0000)
  to   space 512K,   0% used [0x00000000f0cd0000, 0x00000000f0cd0000, 0x00000000f0d50000)
 tenured generation   total 10944K, used 1828K [0x00000000f5aa0000, 0x00000000f6550000, 0x0000000100000000)
   the space 10944K,  16% used [0x00000000f5aa0000, 0x00000000f5c69340, 0x00000000f5c69400, 0x00000000f6550000)
 Metaspace       used 2533K, capacity 5656K, committed 6016K, reserved 1056768K
  class space    used 239K, capacity 523K, committed 640K, reserved 1048576K
}
Event: 0.915 GC heap after
{Heap after GC invocations=3 (full 0):
 def new generation   total 4928K, used 385K [0x00000000f0800000, 0x00000000f0d50000, 0x00000000f5aa0000)
  eden space 4416K,   0% used [0x00000000f0800000, 0x00000000f0800000, 0x00000000f0c50000)
  from space 512K,  75% used [0x00000000f0cd0000, 0x00000000f0d304b8, 0x00000000f0d50000)
  to   space 512K,   0% used [0x00000000f0c50000, 0x00000000f0c50000, 0x00000000f0cd0000)
 tenured generation   total 10944K, used 1828K [0x00000000f5aa0000, 0x00000000f6550000, 0x0000000100000000)
   the space 10944K,  16% used [0x00000000f5aa0000, 0x00000000f5c69340, 0x00000000f5c69400, 0x00000000f6550000)
 Metaspace       used 2533K, capacity 5656K, committed 6016K, reserved 1056768K
  class space    used 239K, capacity 523K, committed 640K, reserved 1048576K
}
Event: 1.219 GC heap before
{Heap before GC invocations=3 (full 0):
 def new generation   total 4928K, used 4801K [0x00000000f0800000, 0x00000000f0d50000, 0x00000000f5aa0000)
  eden space 4416K, 100% used [0x00000000f0800000, 0x00000000f0c50000, 0x00000000f0c50000)
  from space 512K,  75% used [0x00000000f0cd0000, 0x00000000f0d304b8, 0x00000000f0d50000)
  to   space 512K,   0% used [0x00000000f0c50000, 0x00000000f0c50000, 0x00000000f0cd0000)
 tenured generation   total 10944K, used 1828K [0x00000000f5aa0000, 0x00000000f6550000, 0x0000000100000000)
   the space 10944K,  16% used [0x00000000f5aa0000, 0x00000000f5c69340, 0x00000000f5c69400, 0x00000000f6550000)
 Metaspace       used 3170K, capacity 6006K, committed 6272K, reserved 1056768K
  class space    used 305K, capacity 577K, committed 640K, reserved 1048576K
}
Event: 1.293 GC heap after
{Heap after GC invocations=4 (full 0):
 def new generation   total 4928K, used 212K [0x00000000f0800000, 0x00000000f0d50000, 0x00000000f5aa0000)
  eden space 4416K,   0% used [0x00000000f0800000, 0x00000000f0800000, 0x00000000f0c50000)
  from space 512K,  41% used [0x00000000f0c50000, 0x00000000f0c853b0, 0x00000000f0cd0000)
  to   space 512K,   0% used [0x00000000f0cd0000, 0x00000000f0cd0000, 0x00000000f0d50000)
 tenured generation   total 10944K, used 1973K [0x00000000f5aa0000, 0x00000000f6550000, 0x0000000100000000)
   the space 10944K,  18% used [0x00000000f5aa0000, 0x00000000f5c8d638, 0x00000000f5c8d800, 0x00000000f6550000)
 Metaspace       used 3170K, capacity 6006K, committed 6272K, reserved 1056768K
  class space    used 305K, capacity 577K, committed 640K, reserved 1048576K
}
Event: 2.506 GC heap before
{Heap before GC invocations=4 (full 0):
 def new generation   total 4928K, used 4628K [0x00000000f0800000, 0x00000000f0d50000, 0x00000000f5aa0000)
  eden space 4416K, 100% used [0x00000000f0800000, 0x00000000f0c50000, 0x00000000f0c50000)
  from space 512K,  41% used [0x00000000f0c50000, 0x00000000f0c853b0, 0x00000000f0cd0000)
  to   space 512K,   0% used [0x00000000f0cd0000, 0x00000000f0cd0000, 0x00000000f0d50000)
 tenured generation   total 10944K, used 1973K [0x00000000f5aa0000, 0x00000000f6550000, 0x0000000100000000)
   the space 10944K,  18% used [0x00000000f5aa0000, 0x00000000f5c8d638, 0x00000000f5c8d800, 0x00000000f6550000)
 Metaspace       used 3582K, capacity 6300K, committed 6528K, reserved 1056768K
  class space    used 354K, capacity 611K, committed 640K, reserved 1048576K
}
Event: 2.742 GC heap after
{Heap after GC invocations=5 (full 0):
 def new generation   total 4928K, used 271K [0x00000000f0800000, 0x00000000f0d50000, 0x00000000f5aa0000)
  eden space 4416K,   0% used [0x00000000f0800000, 0x00000000f0800000, 0x00000000f0c50000)
  from space 512K,  52% used [0x00000000f0cd0000, 0x00000000f0d13c28, 0x00000000f0d50000)
  to   space 512K,   0% used [0x00000000f0c50000, 0x00000000f0c50000, 0x00000000f0cd0000)
 tenured generation   total 10944K, used 1973K [0x00000000f5aa0000, 0x00000000f6550000, 0x0000000100000000)
   the space 10944K,  18% used [0x00000000f5aa0000, 0x00000000f5c8d638, 0x00000000f5c8d800, 0x00000000f6550000)
 Metaspace       used 3582K, capacity 6300K, committed 6528K, reserved 1056768K
  class space    used 354K, capacity 611K, committed 640K, reserved 1048576K
}
Event: 10.382 GC heap before
{Heap before GC invocations=5 (full 0):
 def new generation   total 4928K, used 4687K [0x00000000f0800000, 0x00000000f0d50000, 0x00000000f5aa0000)
  eden space 4416K, 100% used [0x00000000f0800000, 0x00000000f0c50000, 0x00000000f0c50000)
  from space 512K,  52% used [0x00000000f0cd0000, 0x00000000f0d13c28, 0x00000000f0d50000)
  to   space 512K,   0% used [0x00000000f0c50000, 0x00000000f0c50000, 0x00000000f0cd0000)
 tenured generation   total 10944K, used 1973K [0x00000000f5aa0000, 0x00000000f6550000, 0x0000000100000000)
   the space 10944K,  18% used [0x00000000f5aa0000, 0x00000000f5c8d638, 0x00000000f5c8d800, 0x00000000f6550000)
 Metaspace       used 4221K, capacity 6597K, committed 6912K, reserved 1056768K
  class space    used 420K, capacity 645K, committed 768K, reserved 1048576K
}
Event: 10.414 GC heap after
{Heap after GC invocations=6 (full 0):
 def new generation   total 4928K, used 444K [0x00000000f0800000, 0x00000000f0d50000, 0x00000000f5aa0000)
  eden space 4416K,   0% used [0x00000000f0800000, 0x00000000f0800000, 0x00000000f0c50000)
  from space 512K,  86% used [0x00000000f0c50000, 0x00000000f0cbf3f8, 0x00000000f0cd0000)
  to   space 512K,   0% used [0x00000000f0cd0000, 0x00000000f0cd0000, 0x00000000f0d50000)
 tenured generation   total 10944K, used 2069K [0x00000000f5aa0000, 0x00000000f6550000, 0x0000000100000000)
   the space 10944K,  18% used [0x00000000f5aa0000, 0x00000000f5ca56c0, 0x00000000f5ca5800, 0x00000000f6550000)
 Metaspace       used 4221K, capacity 6597K, committed 6912K, reserved 1056768K
  class space    used 420K, capacity 645K, committed 768K, reserved 1048576K
}
Event: 17.970 GC heap before
{Heap before GC invocations=6 (full 0):
 def new generation   total 4928K, used 4860K [0x00000000f0800000, 0x00000000f0d50000, 0x00000000f5aa0000)
  eden space 4416K, 100% used [0x00000000f0800000, 0x00000000f0c50000, 0x00000000f0c50000)
  from space 512K,  86% used [0x00000000f0c50000, 0x00000000f0cbf3f8, 0x00000000f0cd0000)
  to   space 512K,   0% used [0x00000000f0cd0000, 0x00000000f0cd0000, 0x00000000f0d50000)
 tenured generation   total 10944K, used 2069K [0x00000000f5aa0000, 0x00000000f6550000, 0x0000000100000000)
   the space 10944K,  18% used [0x00000000f5aa0000, 0x00000000f5ca56c0, 0x00000000f5ca5800, 0x00000000f6550000)
 Metaspace       used 4647K, capacity 6841K, committed 7168K, reserved 1056768K
  class space    used 472K, capacity 684K, committed 768K, reserved 1048576K
}
Event: 17.991 GC heap after
{Heap after GC invocations=7 (full 0):
 def new generation   total 4928K, used 244K [0x00000000f0800000, 0x00000000f0d50000, 0x00000000f5aa0000)
  eden space 4416K,   0% used [0x00000000f0800000, 0x00000000f0800000, 0x00000000f0c50000)
  from space 512K,  47% used [0x00000000f0cd0000, 0x00000000f0d0d1a0, 0x00000000f0d50000)
  to   space 512K,   0% used [0x00000000f0c50000, 0x00000000f0c50000, 0x00000000f0cd0000)
 tenured generation   total 10944K, used 2328K [0x00000000f5aa0000, 0x00000000f6550000, 0x0000000100000000)
   the space 10944K,  21% used [0x00000000f5aa0000, 0x00000000f5ce60f8, 0x00000000f5ce6200, 0x00000000f6550000)
 Metaspace       used 4647K, capacity 6841K, committed 7168K, reserved 1056768K
  class space    used 472K, capacity 684K, committed 768K, reserved 1048576K
}
Event: 24.508 GC heap before
{Heap before GC invocations=7 (full 0):
 def new generation   total 4928K, used 4660K [0x00000000f0800000, 0x00000000f0d50000, 0x00000000f5aa0000)
  eden space 4416K, 100% used [0x00000000f0800000, 0x00000000f0c50000, 0x00000000f0c50000)
  from space 512K,  47% used [0x00000000f0cd0000, 0x00000000f0d0d1a0, 0x00000000f0d50000)
  to   space 512K,   0% used [0x00000000f0c50000, 0x00000000f0c50000, 0x00000000f0cd0000)
 tenured generation   total 10944K, used 2328K [0x00000000f5aa0000, 0x00000000f6550000, 0x0000000100000000)
   the space 10944K,  21% used [0x00000000f5aa0000, 0x00000000f5ce60f8, 0x00000000f5ce6200, 0x00000000f6550000)
 Metaspace       used 4849K, capacity 7065K, committed 7168K, reserved 1056768K
  class space    used 493K, capacity 716K, committed 768K, reserved 1048576K
}
Event: 24.624 GC heap after
{Heap after GC invocations=8 (full 0):
 def new generation   total 4928K, used 262K [0x00000000f0800000, 0x00000000f0d50000, 0x00000000f5aa0000)
  eden space 4416K,   0% used [0x00000000f0800000, 0x00000000f0800000, 0x00000000f0c50000)
  from space 512K,  51% used [0x00000000f0c50000, 0x00000000f0c91988, 0x00000000f0cd0000)
  to   space 512K,   0% used [0x00000000f0cd0000, 0x00000000f0cd0000, 0x00000000f0d50000)
 tenured generation   total 10944K, used 2328K [0x00000000f5aa0000, 0x00000000f6550000, 0x0000000100000000)
   the space 10944K,  21% used [0x00000000f5aa0000, 0x00000000f5ce60f8, 0x00000000f5ce6200, 0x00000000f6550000)
 Metaspace       used 4849K, capacity 7065K, committed 7168K, reserved 1056768K
  class space    used 493K, capacity 716K, committed 768K, reserved 1048576K
}

Deoptimization events (20 events):
Event: 3.928 Thread 0x00007f99e8017800 DEOPT PACKING pc=0x00007f99d8142a84 sp=0x00007f99efeb4ea0
Event: 3.928 Thread 0x00007f99e8017800 DEOPT UNPACKING pc=0x00007f99d0695225 sp=0x00007f99efeb4e30 mode 2
Event: 3.935 Thread 0x00007f99e8017800 Uncommon trap: trap_request=0xffffff4d fr.pc=0x00007f99d8142a74 relative=0x00000000000005f4
Event: 3.935 Thread 0x00007f99e8017800 Uncommon trap: reason=unstable_if action=reinterpret pc=0x00007f99d8142a74 method=java.util.HashMap.putVal(ILjava/lang/Object;Ljava/lang/Object;ZZ)Ljava/lang/Object; @ 181 c2
Event: 3.935 Thread 0x00007f99e8017800 DEOPT PACKING pc=0x00007f99d8142a74 sp=0x00007f99efeb2f30
Event: 3.935 Thread 0x00007f99e8017800 DEOPT UNPACKING pc=0x00007f99d0695225 sp=0x00007f99efeb2ec0 mode 2
Event: 12.856 Thread 0x00007f99e8017800 DEOPT PACKING pc=0x00007f99d0d89118 sp=0x00007f99efeb2550
Event: 12.856 Thread 0x00007f99e8017800 DEOPT UNPACKING pc=0x00007f99d06959ca sp=0x00007f99efeb1ac8 mode 0
Event: 16.599 Thread 0x00007f99e8017800 Uncommon trap: trap_request=0xffffff4d fr.pc=0x00007f99d814359c relative=0x000000000000007c
Event: 16.602 Thread 0x00007f99e8017800 Uncommon trap: reason=unstable_if action=reinterpret pc=0x00007f99d814359c method=java.lang.String.isLatin1()Z @ 10 c2
Event: 16.604 Thread 0x00007f99e8017800 DEOPT PACKING pc=0x00007f99d814359c sp=0x00007f99efeb4c70
Event: 16.671 Thread 0x00007f99e8017800 DEOPT UNPACKING pc=0x00007f99d0695225 sp=0x00007f99efeb4bd0 mode 2
Event: 19.482 Thread 0x00007f99e8017800 DEOPT PACKING pc=0x00007f99d0d06287 sp=0x00007f99efeb0470
Event: 19.483 Thread 0x00007f99e8017800 DEOPT UNPACKING pc=0x00007f99d06959ca sp=0x00007f99efeaf930 mode 0
Event: 19.646 Thread 0x00007f99e8017800 Uncommon trap: trap_request=0xffffff4d fr.pc=0x00007f99d817db0c relative=0x00000000000075cc
Event: 19.649 Thread 0x00007f99e8017800 Uncommon trap: reason=unstable_if action=reinterpret pc=0x00007f99d817db0c method=org.jacoco.agent.rt.internal_43f5073.asm.commons.AnalyzerAdapter.execute(IILjava/lang/String;)V @ 39 c2
Event: 19.653 Thread 0x00007f99e8017800 DEOPT PACKING pc=0x00007f99d817db0c sp=0x00007f99efeb0370
Event: 19.655 Thread 0x00007f99e8017800 DEOPT UNPACKING pc=0x00007f99d0695225 sp=0x00007f99efeb0340 mode 2
Event: 22.537 Thread 0x00007f99e8017800 DEOPT PACKING pc=0x00007f99d0dcdcb8 sp=0x00007f99efeaff80
Event: 22.539 Thread 0x00007f99e8017800 DEOPT UNPACKING pc=0x00007f99d06959ca sp=0x00007f99efeaf410 mode 0

Classes redefined (0 events):
No events

Internal exceptions (9 events):
Event: 0.470 Thread 0x00007f99e8017800 Exception <a 'java/lang/NoSuchMethodError'{0x00000000f08996c0}: 'int java.lang.invoke.DirectMethodHandle$Holder.invokeSpecialIFC(java.lang.Object, java.lang.Object, int)'> (0x00000000f08996c0) thrown at [src/hotspot/share/interpreter/linkResolver.cpp, line 773]
Event: 1.065 Thread 0x00007f99e8017800 Exception <a 'java/lang/NoSuchMethodError'{0x00000000f09d1258}: 'java.lang.Object java.lang.invoke.DirectMethodHandle$Holder.invokeStaticInit(java.lang.Object, java.lang.Object, java.lang.Object)'> (0x00000000f09d1258) thrown at [src/hotspot/share/interpreter/linkResolver.cpp, line 773]
Event: 8.573 Thread 0x00007f99e8017800 Exception <a 'java/lang/NoSuchMethodError'{0x00000000f09f6fe0}: 'org.junit.runner.Description org.junit.runner.Description.createSuiteDescription(java.lang.String)'> (0x00000000f09f6fe0) thrown at [src/hotspot/share/interpreter/linkResolver.cpp, line 773]
Event: 8.835 Thread 0x00007f99e8017800 Exception <a 'java/lang/NoSuchMethodError'{0x00000000f09fbcd8}: 'org.junit.runner.Description org.junit.runner.Description.createSuiteDescription(java.lang.String)'> (0x00000000f09fbcd8) thrown at [src/hotspot/share/interpreter/linkResolver.cpp, line 773]
Event: 8.840 Thread 0x00007f99e8017800 Exception <a 'java/lang/NoSuchMethodError'{0x00000000f09fc138}: 'org.junit.runner.Description org.junit.runner.Description.createSuiteDescription(java.lang.String)'> (0x00000000f09fc138) thrown at [src/hotspot/share/interpreter/linkResolver.cpp, line 773]
Event: 8.840 Thread 0x00007f99e8017800 Exception <a 'java/lang/NoSuchMethodError'{0x00000000f09fc598}: 'org.junit.runner.Description org.junit.runner.Description.createSuiteDescription(java.lang.String)'> (0x00000000f09fc598) thrown at [src/hotspot/share/interpreter/linkResolver.cpp, line 773]
Event: 8.840 Thread 0x00007f99e8017800 Exception <a 'java/lang/NoSuchMethodError'{0x00000000f09fc9f8}: 'org.junit.runner.Description org.junit.runner.Description.createSuiteDescription(java.lang.String)'> (0x00000000f09fc9f8) thrown at [src/hotspot/share/interpreter/linkResolver.cpp, line 773]
Event: 13.123 Thread 0x00007f99e8017800 Exception <a 'java/lang/NoSuchMethodError'{0x00000000f0ba0b20}: 'java.lang.Object java.lang.invoke.DirectMethodHandle$Holder.invokeStaticInit(java.lang.Object, java.lang.Object, java.lang.Object, java.lang.Object)'> (0x00000000f0ba0b20) thrown at [src/hotspot/share/interpreter/linkResolver.cpp, line 773]
Event: 13.126 Thread 0x00007f99e8017800 Exception <a 'java/lang/NoSuchMethodError'{0x00000000f0ba68c0}: 'java.lang.Object java.lang.invoke.Invokers$Holder.invoke_MT(java.lang.Object, java.lang.Object, java.lang.Object, java.lang.Object, java.lang.Object)'> (0x00000000f0ba68c0) thrown at [src/hotspot/share/interpreter/linkResolver.cpp, line 773]

Events (20 events):
Event: 22.269 loading class com/google/gson/internal/bind/JsonTreeWriter
Event: 22.340 loading class com/google/gson/internal/bind/JsonTreeWriter done
Event: 22.784 loading class com/google/gson/JsonIOException
Event: 22.785 loading class com/google/gson/JsonIOException done
Event: 23.068 loading class com/google/gson/stream/MalformedJsonException
Event: 23.069 loading class com/google/gson/stream/MalformedJsonException done
Event: 23.552 loading class com/google/gson/reflect/TypeToken
Event: 23.554 loading class com/google/gson/reflect/TypeToken done
Event: 24.350 loading class com/google/gson/internal/$Gson$Preconditions
Event: 24.353 loading class com/google/gson/internal/$Gson$Preconditions done
Event: 24.494 Executing VM operation: GenCollectForAllocation
Event: 24.645 Executing VM operation: GenCollectForAllocation done
Event: 24.816 loading class com/google/gson/internal/$Gson$Types
Event: 24.816 loading class com/google/gson/internal/$Gson$Types done
Event: 25.205 loading class java/lang/reflect/WildcardType
Event: 25.217 loading class java/lang/reflect/WildcardType done
Event: 25.229 loading class java/lang/reflect/ParameterizedType
Event: 25.268 loading class java/lang/reflect/ParameterizedType done
Event: 25.418 loading class com/google/gson/internal/Excluder
Event: 25.430 loading class com/google/gson/internal/Excluder done


Dynamic libraries:
f0800000-f0d50000 rw-p 00000000 00:00 0 
f0d50000-f5aa0000 ---p 00000000 00:00 0 
f5aa0000-f6550000 rw-p 00000000 00:00 0 
f6550000-100000000 ---p 00000000 00:00 0 
800000000-800002000 rwxp 00001000 08:01 512868                           /usr/lib/jvm/java-11-openjdk-amd64/lib/server/classes.jsa
800002000-8003b9000 rw-p 00003000 08:01 512868                           /usr/lib/jvm/java-11-openjdk-amd64/lib/server/classes.jsa
8003b9000-800a82000 r--p 003ba000 08:01 512868                           /usr/lib/jvm/java-11-openjdk-amd64/lib/server/classes.jsa
800a82000-800a83000 rw-p 00a83000 08:01 512868                           /usr/lib/jvm/java-11-openjdk-amd64/lib/server/classes.jsa
800a83000-801091000 r--p 00a84000 08:01 512868                           /usr/lib/jvm/java-11-openjdk-amd64/lib/server/classes.jsa
840000000-8400c0000 rw-p 00000000 00:00 0 
8400c0000-880000000 ---p 00000000 00:00 0 
55bc2c2f9000-55bc2c2fa000 r-xp 00000000 08:01 263097                     /usr/lib/jvm/java-11-openjdk-amd64/bin/java
55bc2c4fa000-55bc2c4fb000 r--p 00001000 08:01 263097                     /usr/lib/jvm/java-11-openjdk-amd64/bin/java
55bc2c4fb000-55bc2c4fc000 rw-p 00002000 08:01 263097                     /usr/lib/jvm/java-11-openjdk-amd64/bin/java
55bc2df81000-55bc2dfa2000 rw-p 00000000 00:00 0                          [heap]
7f99a0000000-7f99a0021000 rw-p 00000000 00:00 0 
7f99a0021000-7f99a4000000 ---p 00000000 00:00 0 
7f99a4000000-7f99a4021000 rw-p 00000000 00:00 0 
7f99a4021000-7f99a8000000 ---p 00000000 00:00 0 
7f99a8000000-7f99a8021000 rw-p 00000000 00:00 0 
7f99a8021000-7f99ac000000 ---p 00000000 00:00 0 
7f99ac000000-7f99ac021000 rw-p 00000000 00:00 0 
7f99ac021000-7f99b0000000 ---p 00000000 00:00 0 
7f99b0000000-7f99b1a82000 rw-p 00000000 00:00 0 
7f99b1a82000-7f99b4000000 ---p 00000000 00:00 0 
7f99b4000000-7f99b47e9000 rw-p 00000000 00:00 0 
7f99b47e9000-7f99b8000000 ---p 00000000 00:00 0 
7f99b8000000-7f99b8021000 rw-p 00000000 00:00 0 
7f99b8021000-7f99bc000000 ---p 00000000 00:00 0 
7f99bc000000-7f99bc021000 rw-p 00000000 00:00 0 
7f99bc021000-7f99c0000000 ---p 00000000 00:00 0 
7f99c0000000-7f99c0021000 rw-p 00000000 00:00 0 
7f99c0021000-7f99c4000000 ---p 00000000 00:00 0 
7f99c4000000-7f99c4021000 rw-p 00000000 00:00 0 
7f99c4021000-7f99c8000000 ---p 00000000 00:00 0 
7f99c8000000-7f99c8021000 rw-p 00000000 00:00 0 
7f99c8021000-7f99cc000000 ---p 00000000 00:00 0 
7f99ce56f000-7f99ce574000 r-xp 00000000 08:01 263244                     /usr/lib/jvm/java-11-openjdk-amd64/lib/libmanagement_ext.so
7f99ce574000-7f99ce774000 ---p 00005000 08:01 263244                     /usr/lib/jvm/java-11-openjdk-amd64/lib/libmanagement_ext.so
7f99ce774000-7f99ce775000 r--p 00005000 08:01 263244                     /usr/lib/jvm/java-11-openjdk-amd64/lib/libmanagement_ext.so
7f99ce775000-7f99ce776000 rw-p 00006000 08:01 263244                     /usr/lib/jvm/java-11-openjdk-amd64/lib/libmanagement_ext.so
7f99ce776000-7f99ce77a000 r-xp 00000000 08:01 263242                     /usr/lib/jvm/java-11-openjdk-amd64/lib/libmanagement.so
7f99ce77a000-7f99ce979000 ---p 00004000 08:01 263242                     /usr/lib/jvm/java-11-openjdk-amd64/lib/libmanagement.so
7f99ce979000-7f99ce97a000 r--p 00003000 08:01 263242                     /usr/lib/jvm/java-11-openjdk-amd64/lib/libmanagement.so
7f99ce97a000-7f99ce97b000 rw-p 00004000 08:01 263242                     /usr/lib/jvm/java-11-openjdk-amd64/lib/libmanagement.so
7f99ce97b000-7f99ce97f000 ---p 00000000 00:00 0 
7f99ce97f000-7f99cea7c000 rw-p 00000000 00:00 0 
7f99cea7c000-7f99cea7d000 ---p 00000000 00:00 0 
7f99cea7d000-7f99ceb7e000 rw-p 00000000 00:00 0 
7f99ceb7e000-7f99ceb94000 r-xp 00000000 08:01 263246                     /usr/lib/jvm/java-11-openjdk-amd64/lib/libnet.so
7f99ceb94000-7f99ced93000 ---p 00016000 08:01 263246                     /usr/lib/jvm/java-11-openjdk-amd64/lib/libnet.so
7f99ced93000-7f99ced94000 r--p 00015000 08:01 263246                     /usr/lib/jvm/java-11-openjdk-amd64/lib/libnet.so
7f99ced94000-7f99ced95000 rw-p 00016000 08:01 263246                     /usr/lib/jvm/java-11-openjdk-amd64/lib/libnet.so
7f99ced95000-7f99ceda5000 r-xp 00000000 08:01 263247                     /usr/lib/jvm/java-11-openjdk-amd64/lib/libnio.so
7f99ceda5000-7f99cefa4000 ---p 00010000 08:01 263247                     /usr/lib/jvm/java-11-openjdk-amd64/lib/libnio.so
7f99cefa4000-7f99cefa5000 r--p 0000f000 08:01 263247                     /usr/lib/jvm/java-11-openjdk-amd64/lib/libnio.so
7f99cefa5000-7f99cefa6000 rw-p 00010000 08:01 263247                     /usr/lib/jvm/java-11-openjdk-amd64/lib/libnio.so
7f99cefa6000-7f99cefaa000 ---p 00000000 00:00 0 
7f99cefaa000-7f99cf0a7000 rw-p 00000000 00:00 0 
7f99cf0a7000-7f99cf0ab000 ---p 00000000 00:00 0 
7f99cf0ab000-7f99cf1a8000 rw-p 00000000 00:00 0 
7f99cf1a8000-7f99cf1ac000 ---p 00000000 00:00 0 
7f99cf1ac000-7f99cf2a9000 rw-p 00000000 00:00 0 
7f99cf2a9000-7f99cf2ad000 ---p 00000000 00:00 0 
7f99cf2ad000-7f99cf3aa000 rw-p 00000000 00:00 0 
7f99cf3aa000-7f99cf3ae000 ---p 00000000 00:00 0 
7f99cf3ae000-7f99cf4ab000 rw-p 00000000 00:00 0 
7f99cf4ab000-7f99cf4af000 ---p 00000000 00:00 0 
7f99cf4af000-7f99cf5ac000 rw-p 00000000 00:00 0 
7f99cf5ac000-7f99cf71f000 r--p 00000000 08:01 7787                       /usr/lib/locale/C.UTF-8/LC_COLLATE
7f99cf71f000-7f99cf8ba000 r--p 00000000 08:01 7784                       /usr/lib/locale/locale-archive
7f99cf8ba000-7f99cf8be000 ---p 00000000 00:00 0 
7f99cf8be000-7f99cf9bb000 rw-p 00000000 00:00 0 
7f99cf9bb000-7f99cf9bf000 ---p 00000000 00:00 0 
7f99cf9bf000-7f99cfabc000 rw-p 00000000 00:00 0 
7f99cfabc000-7f99cfabd000 ---p 00000000 00:00 0 
7f99cfabd000-7f99d02da000 rw-p 00000000 00:00 0 
7f99d031a000-7f99d049a000 ---p 00000000 00:00 0 
7f99d049a000-7f99d049f000 rw-p 00000000 00:00 0 
7f99d049f000-7f99d0585000 ---p 00000000 00:00 0 
7f99d0585000-7f99d058b000 rw-p 00000000 00:00 0 
7f99d058b000-7f99d0670000 ---p 00000000 00:00 0 
7f99d0670000-7f99d08e0000 rwxp 00000000 00:00 0 
7f99d08e0000-7f99d0bff000 ---p 00000000 00:00 0 
7f99d0bff000-7f99d0e8f000 rwxp 00000000 00:00 0 
7f99d0e8f000-7f99d8137000 ---p 00000000 00:00 0 
7f99d8137000-7f99d83a7000 rwxp 00000000 00:00 0 
7f99d83a7000-7f99df670000 ---p 00000000 00:00 0 
7f99df670000-7f99df677000 r-xp 00000000 08:01 263255                     /usr/lib/jvm/java-11-openjdk-amd64/lib/libzip.so
7f99df677000-7f99df876000 ---p 00007000 08:01 263255                     /usr/lib/jvm/java-11-openjdk-amd64/lib/libzip.so
7f99df876000-7f99df877000 r--p 00006000 08:01 263255                     /usr/lib/jvm/java-11-openjdk-amd64/lib/libzip.so
7f99df877000-7f99df878000 rw-p 00007000 08:01 263255                     /usr/lib/jvm/java-11-openjdk-amd64/lib/libzip.so
7f99df878000-7f99e8000000 r--s 00000000 08:01 263256                     /usr/lib/jvm/java-11-openjdk-amd64/lib/modules
7f99e8000000-7f99e8479000 rw-p 00000000 00:00 0 
7f99e8479000-7f99ec000000 ---p 00000000 00:00 0 
7f99ec01b000-7f99ec04c000 r--p 00000000 08:01 7788                       /usr/lib/locale/C.UTF-8/LC_CTYPE
7f99ec04c000-7f99ec057000 r-xp 00000000 08:01 2235                       /lib/x86_64-linux-gnu/libnss_files-2.27.so
7f99ec057000-7f99ec256000 ---p 0000b000 08:01 2235                       /lib/x86_64-linux-gnu/libnss_files-2.27.so
7f99ec256000-7f99ec257000 r--p 0000a000 08:01 2235                       /lib/x86_64-linux-gnu/libnss_files-2.27.so
7f99ec257000-7f99ec258000 rw-p 0000b000 08:01 2235                       /lib/x86_64-linux-gnu/libnss_files-2.27.so
7f99ec258000-7f99ec25e000 rw-p 00000000 00:00 0 
7f99ec25e000-7f99ec275000 r-xp 00000000 08:01 2198                       /lib/x86_64-linux-gnu/libnsl-2.27.so
7f99ec275000-7f99ec474000 ---p 00017000 08:01 2198                       /lib/x86_64-linux-gnu/libnsl-2.27.so
7f99ec474000-7f99ec475000 r--p 00016000 08:01 2198                       /lib/x86_64-linux-gnu/libnsl-2.27.so
7f99ec475000-7f99ec476000 rw-p 00017000 08:01 2198                       /lib/x86_64-linux-gnu/libnsl-2.27.so
7f99ec476000-7f99ec478000 rw-p 00000000 00:00 0 
7f99ec478000-7f99ec483000 r-xp 00000000 08:01 2237                       /lib/x86_64-linux-gnu/libnss_nis-2.27.so
7f99ec483000-7f99ec682000 ---p 0000b000 08:01 2237                       /lib/x86_64-linux-gnu/libnss_nis-2.27.so
7f99ec682000-7f99ec683000 r--p 0000a000 08:01 2237                       /lib/x86_64-linux-gnu/libnss_nis-2.27.so
7f99ec683000-7f99ec684000 rw-p 0000b000 08:01 2237                       /lib/x86_64-linux-gnu/libnss_nis-2.27.so
7f99ec684000-7f99ec68c000 r-xp 00000000 08:01 2213                       /lib/x86_64-linux-gnu/libnss_compat-2.27.so
7f99ec68c000-7f99ec88c000 ---p 00008000 08:01 2213                       /lib/x86_64-linux-gnu/libnss_compat-2.27.so
7f99ec88c000-7f99ec88d000 r--p 00008000 08:01 2213                       /lib/x86_64-linux-gnu/libnss_compat-2.27.so
7f99ec88d000-7f99ec88e000 rw-p 00009000 08:01 2213                       /lib/x86_64-linux-gnu/libnss_compat-2.27.so
7f99ec88e000-7f99ec898000 r-xp 00000000 08:01 263230                     /usr/lib/jvm/java-11-openjdk-amd64/lib/libinstrument.so
7f99ec898000-7f99eca97000 ---p 0000a000 08:01 263230                     /usr/lib/jvm/java-11-openjdk-amd64/lib/libinstrument.so
7f99eca97000-7f99eca98000 r--p 00009000 08:01 263230                     /usr/lib/jvm/java-11-openjdk-amd64/lib/libinstrument.so
7f99eca98000-7f99eca99000 rw-p 0000a000 08:01 263230                     /usr/lib/jvm/java-11-openjdk-amd64/lib/libinstrument.so
7f99eca99000-7f99eca9e000 r-xp 00000000 08:01 263238                     /usr/lib/jvm/java-11-openjdk-amd64/lib/libjimage.so
7f99eca9e000-7f99ecc9d000 ---p 00005000 08:01 263238                     /usr/lib/jvm/java-11-openjdk-amd64/lib/libjimage.so
7f99ecc9d000-7f99ecc9e000 r--p 00004000 08:01 263238                     /usr/lib/jvm/java-11-openjdk-amd64/lib/libjimage.so
7f99ecc9e000-7f99ecc9f000 rw-p 00005000 08:01 263238                     /usr/lib/jvm/java-11-openjdk-amd64/lib/libjimage.so
7f99ecc9f000-7f99eccc7000 r-xp 00000000 08:01 263235                     /usr/lib/jvm/java-11-openjdk-amd64/lib/libjava.so
7f99eccc7000-7f99ecec7000 ---p 00028000 08:01 263235                     /usr/lib/jvm/java-11-openjdk-amd64/lib/libjava.so
7f99ecec7000-7f99ecec8000 r--p 00028000 08:01 263235                     /usr/lib/jvm/java-11-openjdk-amd64/lib/libjava.so
7f99ecec8000-7f99ecec9000 rw-p 00029000 08:01 263235                     /usr/lib/jvm/java-11-openjdk-amd64/lib/libjava.so
7f99ecec9000-7f99ececa000 rw-p 00000000 00:00 0 
7f99ececa000-7f99eced7000 r-xp 00000000 08:01 263254                     /usr/lib/jvm/java-11-openjdk-amd64/lib/libverify.so
7f99eced7000-7f99ed0d6000 ---p 0000d000 08:01 263254                     /usr/lib/jvm/java-11-openjdk-amd64/lib/libverify.so
7f99ed0d6000-7f99ed0d8000 r--p 0000c000 08:01 263254                     /usr/lib/jvm/java-11-openjdk-amd64/lib/libverify.so
7f99ed0d8000-7f99ed0d9000 rw-p 0000e000 08:01 263254                     /usr/lib/jvm/java-11-openjdk-amd64/lib/libverify.so
7f99ed0d9000-7f99ed0e0000 r-xp 00000000 08:01 2242                       /lib/x86_64-linux-gnu/librt-2.27.so
7f99ed0e0000-7f99ed2df000 ---p 00007000 08:01 2242                       /lib/x86_64-linux-gnu/librt-2.27.so
7f99ed2df000-7f99ed2e0000 r--p 00006000 08:01 2242                       /lib/x86_64-linux-gnu/librt-2.27.so
7f99ed2e0000-7f99ed2e1000 rw-p 00007000 08:01 2242                       /lib/x86_64-linux-gnu/librt-2.27.so
7f99ed2e1000-7f99ed2f8000 r-xp 00000000 08:01 2075                       /lib/x86_64-linux-gnu/libgcc_s.so.1
7f99ed2f8000-7f99ed4f7000 ---p 00017000 08:01 2075                       /lib/x86_64-linux-gnu/libgcc_s.so.1
7f99ed4f7000-7f99ed4f8000 r--p 00016000 08:01 2075                       /lib/x86_64-linux-gnu/libgcc_s.so.1
7f99ed4f8000-7f99ed4f9000 rw-p 00017000 08:01 2075                       /lib/x86_64-linux-gnu/libgcc_s.so.1
7f99ed4f9000-7f99ed696000 r-xp 00000000 08:01 2174                       /lib/x86_64-linux-gnu/libm-2.27.so
7f99ed696000-7f99ed895000 ---p 0019d000 08:01 2174                       /lib/x86_64-linux-gnu/libm-2.27.so
7f99ed895000-7f99ed896000 r--p 0019c000 08:01 2174                       /lib/x86_64-linux-gnu/libm-2.27.so
7f99ed896000-7f99ed897000 rw-p 0019d000 08:01 2174                       /lib/x86_64-linux-gnu/libm-2.27.so
7f99ed897000-7f99eda10000 r-xp 00000000 08:01 4784                       /usr/lib/x86_64-linux-gnu/libstdc++.so.6.0.25
7f99eda10000-7f99edc10000 ---p 00179000 08:01 4784                       /usr/lib/x86_64-linux-gnu/libstdc++.so.6.0.25
7f99edc10000-7f99edc1a000 r--p 00179000 08:01 4784                       /usr/lib/x86_64-linux-gnu/libstdc++.so.6.0.25
7f99edc1a000-7f99edc1c000 rw-p 00183000 08:01 4784                       /usr/lib/x86_64-linux-gnu/libstdc++.so.6.0.25
7f99edc1c000-7f99edc20000 rw-p 00000000 00:00 0 
7f99edc20000-7f99eed08000 r-xp 00000000 08:01 512005                     /usr/lib/jvm/java-11-openjdk-amd64/lib/server/libjvm.so
7f99eed08000-7f99eef07000 ---p 010e8000 08:01 512005                     /usr/lib/jvm/java-11-openjdk-amd64/lib/server/libjvm.so
7f99eef07000-7f99eefc8000 r--p 010e7000 08:01 512005                     /usr/lib/jvm/java-11-openjdk-amd64/lib/server/libjvm.so
7f99eefc8000-7f99ef003000 rw-p 011a8000 08:01 512005                     /usr/lib/jvm/java-11-openjdk-amd64/lib/server/libjvm.so
7f99ef003000-7f99ef05a000 rw-p 00000000 00:00 0 
7f99ef05a000-7f99ef074000 r-xp 00000000 08:01 2240                       /lib/x86_64-linux-gnu/libpthread-2.27.so
7f99ef074000-7f99ef273000 ---p 0001a000 08:01 2240                       /lib/x86_64-linux-gnu/libpthread-2.27.so
7f99ef273000-7f99ef274000 r--p 00019000 08:01 2240                       /lib/x86_64-linux-gnu/libpthread-2.27.so
7f99ef274000-7f99ef275000 rw-p 0001a000 08:01 2240                       /lib/x86_64-linux-gnu/libpthread-2.27.so
7f99ef275000-7f99ef279000 rw-p 00000000 00:00 0 
7f99ef279000-7f99ef27c000 r-xp 00000000 08:01 2173                       /lib/x86_64-linux-gnu/libdl-2.27.so
7f99ef27c000-7f99ef47b000 ---p 00003000 08:01 2173                       /lib/x86_64-linux-gnu/libdl-2.27.so
7f99ef47b000-7f99ef47c000 r--p 00002000 08:01 2173                       /lib/x86_64-linux-gnu/libdl-2.27.so
7f99ef47c000-7f99ef47d000 rw-p 00003000 08:01 2173                       /lib/x86_64-linux-gnu/libdl-2.27.so
7f99ef47d000-7f99ef499000 r-xp 00000000 08:01 2184                       /lib/x86_64-linux-gnu/libz.so.1.2.11
7f99ef499000-7f99ef698000 ---p 0001c000 08:01 2184                       /lib/x86_64-linux-gnu/libz.so.1.2.11
7f99ef698000-7f99ef699000 r--p 0001b000 08:01 2184                       /lib/x86_64-linux-gnu/libz.so.1.2.11
7f99ef699000-7f99ef69a000 rw-p 0001c000 08:01 2184                       /lib/x86_64-linux-gnu/libz.so.1.2.11
7f99ef69a000-7f99ef881000 r-xp 00000000 08:01 2093                       /lib/x86_64-linux-gnu/libc-2.27.so
7f99ef881000-7f99efa81000 ---p 001e7000 08:01 2093                       /lib/x86_64-linux-gnu/libc-2.27.so
7f99efa81000-7f99efa85000 r--p 001e7000 08:01 2093                       /lib/x86_64-linux-gnu/libc-2.27.so
7f99efa85000-7f99efa87000 rw-p 001eb000 08:01 2093                       /lib/x86_64-linux-gnu/libc-2.27.so
7f99efa87000-7f99efa8b000 rw-p 00000000 00:00 0 
7f99efa8b000-7f99efa9a000 r-xp 00000000 08:01 263220                     /usr/lib/jvm/java-11-openjdk-amd64/lib/jli/libjli.so
7f99efa9a000-7f99efc99000 ---p 0000f000 08:01 263220                     /usr/lib/jvm/java-11-openjdk-amd64/lib/jli/libjli.so
7f99efc99000-7f99efc9a000 r--p 0000e000 08:01 263220                     /usr/lib/jvm/java-11-openjdk-amd64/lib/jli/libjli.so
7f99efc9a000-7f99efc9b000 rw-p 0000f000 08:01 263220                     /usr/lib/jvm/java-11-openjdk-amd64/lib/jli/libjli.so
7f99efc9b000-7f99efcc4000 r-xp 00000000 08:01 2089                       /lib/x86_64-linux-gnu/ld-2.27.so
7f99efcc6000-7f99efcc7000 r--p 00000000 08:01 7793                       /usr/lib/locale/C.UTF-8/LC_NUMERIC
7f99efcc7000-7f99efcc8000 r--p 00000000 08:01 7796                       /usr/lib/locale/C.UTF-8/LC_TIME
7f99efcc8000-7f99efcc9000 r--p 00000000 08:01 7791                       /usr/lib/locale/C.UTF-8/LC_MONETARY
7f99efcc9000-7f99efcca000 r--p 00000000 08:01 7798                       /usr/lib/locale/C.UTF-8/LC_MESSAGES/SYS_LC_MESSAGES
7f99efcca000-7f99efccb000 r--p 00000000 08:01 7794                       /usr/lib/locale/C.UTF-8/LC_PAPER
7f99efccb000-7f99efcd2000 r--s 00000000 08:01 5040                       /usr/lib/x86_64-linux-gnu/gconv/gconv-modules.cache
7f99efcd2000-7f99efcd8000 rw-p 00000000 00:00 0 
7f99efcd8000-7f99efd25000 ---p 00000000 00:00 0 
7f99efd25000-7f99efd28000 rw-p 00000000 00:00 0 
7f99efd28000-7f99efd4e000 ---p 00000000 00:00 0 
7f99efd4e000-7f99efd54000 rw-p 00000000 00:00 0 
7f99efd54000-7f99efda1000 ---p 00000000 00:00 0 
7f99efda1000-7f99efda7000 rw-p 00000000 00:00 0 
7f99efda7000-7f99efdae000 ---p 00000000 00:00 0 
7f99efdae000-7f99efdb6000 rw-s 00000000 08:01 2054042                    /tmp/hsperfdata_vagrant/4595
7f99efdb6000-7f99efdba000 ---p 00000000 00:00 0 
7f99efdba000-7f99efeb9000 rw-p 00000000 00:00 0 
7f99efeb9000-7f99efeba000 r--p 00000000 08:01 7792                       /usr/lib/locale/C.UTF-8/LC_NAME
7f99efeba000-7f99efebb000 r--p 00000000 08:01 7786                       /usr/lib/locale/C.UTF-8/LC_ADDRESS
7f99efebb000-7f99efebc000 r--p 00000000 08:01 7795                       /usr/lib/locale/C.UTF-8/LC_TELEPHONE
7f99efebc000-7f99efebd000 r--p 00000000 08:01 7790                       /usr/lib/locale/C.UTF-8/LC_MEASUREMENT
7f99efebd000-7f99efebe000 r--p 00000000 08:01 7789                       /usr/lib/locale/C.UTF-8/LC_IDENTIFICATION
7f99efebe000-7f99efec0000 r--s 00007000 08:01 71699                      /usr/share/java/java-atk-wrapper.jar
7f99efec0000-7f99efec1000 ---p 00000000 00:00 0 
7f99efec1000-7f99efec2000 r--p 00000000 00:00 0 
7f99efec2000-7f99efec4000 rw-p 00000000 00:00 0 
7f99efec4000-7f99efec5000 r--p 00029000 08:01 2089                       /lib/x86_64-linux-gnu/ld-2.27.so
7f99efec5000-7f99efec6000 rw-p 0002a000 08:01 2089                       /lib/x86_64-linux-gnu/ld-2.27.so
7f99efec6000-7f99efec7000 rw-p 00000000 00:00 0 
7fff94aca000-7fff94aeb000 rw-p 00000000 00:00 0                          [stack]
7fff94ba5000-7fff94ba8000 r--p 00000000 00:00 0                          [vvar]
7fff94ba8000-7fff94baa000 r-xp 00000000 00:00 0                          [vdso]
ffffffffff600000-ffffffffff601000 r-xp 00000000 00:00 0                  [vsyscall]


VM Arguments:
jvm_args: -javaagent:/home/vagrant/.m2/repository/org/jacoco/org.jacoco.agent/0.8.5/org.jacoco.agent-0.8.5-runtime.jar=destfile=/vagrant/project-1/target/jacoco.exec 
java_command: /vagrant/project-1/target/surefire/surefirebooter16912519208429878733.jar /vagrant/project-1/target/surefire 2021-10-04T03-06-00_797-jvmRun1 surefire11120911923799461570tmp surefire_018348908523655354016tmp
java_class_path (initial): /vagrant/project-1/target/surefire/surefirebooter16912519208429878733.jar
Launcher Type: SUN_STANDARD

[Global flags]
     intx CICompilerCount                          = 2                                         {product} {ergonomic}
   size_t InitialHeapSize                          = 16777216                                  {product} {ergonomic}
   size_t MaxHeapSize                              = 260046848                                 {product} {ergonomic}
   size_t MaxNewSize                               = 86638592                                  {product} {ergonomic}
   size_t MinHeapDeltaBytes                        = 196608                                    {product} {ergonomic}
   size_t NewSize                                  = 5570560                                   {product} {ergonomic}
    uintx NonNMethodCodeHeapSize                   = 5825164                                {pd product} {ergonomic}
    uintx NonProfiledCodeHeapSize                  = 122916538                              {pd product} {ergonomic}
   size_t OldSize                                  = 11206656                                  {product} {ergonomic}
    uintx ProfiledCodeHeapSize                     = 122916538                              {pd product} {ergonomic}
    uintx ReservedCodeCacheSize                    = 251658240                              {pd product} {ergonomic}
     bool SegmentedCodeCache                       = true                                      {product} {ergonomic}
     bool UseCompressedClassPointers               = true                                 {lp64_product} {ergonomic}
     bool UseCompressedOops                        = true                                 {lp64_product} {ergonomic}
     bool UseSerialGC                              = true                                      {product} {ergonomic}

Logging:
Log output configuration:
 #0: stdout all=warning uptime,level,tags
 #1: stderr all=off uptime,level,tags

Environment Variables:
PATH=/usr/local/sbin:/usr/local/bin:/usr/sbin:/usr/bin:/sbin:/bin:/usr/games:/usr/local/games:/snap/bin
SHELL=/bin/bash
DISPLAY=localhost:10.0
LANG=C.UTF-8

Signal Handlers:
SIGSEGV: [libjvm.so+0xe1d0a0], sa_mask[0]=11111111011111111101111111111110, sa_flags=SA_RESTART|SA_SIGINFO
SIGBUS: [libjvm.so+0xe1d0a0], sa_mask[0]=11111111011111111101111111111110, sa_flags=SA_RESTART|SA_SIGINFO
SIGFPE: [libjvm.so+0xe1d0a0], sa_mask[0]=11111111011111111101111111111110, sa_flags=SA_RESTART|SA_SIGINFO
SIGPIPE: [libjvm.so+0xb717f0], sa_mask[0]=11111111011111111101111111111110, sa_flags=SA_RESTART|SA_SIGINFO
SIGXFSZ: [libjvm.so+0xb717f0], sa_mask[0]=11111111011111111101111111111110, sa_flags=SA_RESTART|SA_SIGINFO
SIGILL: [libjvm.so+0xe1d0a0], sa_mask[0]=11111111011111111101111111111110, sa_flags=SA_RESTART|SA_SIGINFO
SIGUSR2: [libjvm.so+0xb71680], sa_mask[0]=00100000000000000000000000000000, sa_flags=SA_RESTART|SA_SIGINFO
SIGHUP: [libjvm.so+0xb71b30], sa_mask[0]=11111111011111111101111111111110, sa_flags=SA_RESTART|SA_SIGINFO
SIGINT: [libjvm.so+0xb71b30], sa_mask[0]=11111111011111111101111111111110, sa_flags=SA_RESTART|SA_SIGINFO
SIGTERM: [libjvm.so+0xb71b30], sa_mask[0]=11111111011111111101111111111110, sa_flags=SA_RESTART|SA_SIGINFO
SIGQUIT: [libjvm.so+0xb71b30], sa_mask[0]=11111111011111111101111111111110, sa_flags=SA_RESTART|SA_SIGINFO


---------------  S Y S T E M  ---------------

OS:DISTRIB_ID=Ubuntu
DISTRIB_RELEASE=18.04
DISTRIB_CODENAME=bionic
DISTRIB_DESCRIPTION="Ubuntu 18.04.6 LTS"
uname:Linux 4.15.0-159-generic #167-Ubuntu SMP Tue Sep 21 08:55:05 UTC 2021 x86_64
OS uptime: 0 days 12:19 hours
libc:glibc 2.27 NPTL 2.27 
rlimit (soft/hard): STACK 8192k/infinity , CORE 0k/infinity , NPROC 3835/3835 , NOFILE 1048576/1048576 , AS infinity/infinity , CPU infinity/infinity , DATA infinity/infinity , FSIZE infinity/infinity , MEMLOCK 65536k/65536k
load average:2.77 0.93 0.35

/proc/meminfo:
MemTotal:        1008552 kB
MemFree:           49092 kB
MemAvailable:          0 kB
Buffers:             192 kB
Cached:             7772 kB
SwapCached:            0 kB
Active:           873584 kB
Inactive:           3836 kB
Active(anon):     870012 kB
Inactive(anon):      240 kB
Active(file):       3572 kB
Inactive(file):     3596 kB
Unevictable:           0 kB
Mlocked:               0 kB
SwapTotal:             0 kB
SwapFree:              0 kB
Dirty:                 4 kB
Writeback:             8 kB
AnonPages:        869648 kB
Mapped:             6224 kB
Shmem:               604 kB
Slab:              46824 kB
SReclaimable:      19016 kB
SUnreclaim:        27808 kB
KernelStack:        5872 kB
PageTables:        10888 kB
NFS_Unstable:          0 kB
Bounce:                0 kB
WritebackTmp:          0 kB
CommitLimit:      504276 kB
Committed_AS:    1234624 kB
VmallocTotal:   34359738367 kB
VmallocUsed:           0 kB
VmallocChunk:          0 kB
HardwareCorrupted:     0 kB
AnonHugePages:         0 kB
ShmemHugePages:        0 kB
ShmemPmdMapped:        0 kB
CmaTotal:              0 kB
CmaFree:               0 kB
HugePages_Total:       0
HugePages_Free:        0
HugePages_Rsvd:        0
HugePages_Surp:        0
Hugepagesize:       2048 kB
DirectMap4k:       63424 kB
DirectMap2M:      985088 kB

/sys/kernel/mm/transparent_hugepage/enabled:
always [madvise] never
/sys/kernel/mm/transparent_hugepage/defrag (defrag/compaction efforts parameter):
always defer defer+madvise [madvise] never

Process Memory:
Virtual Size: 2590552K (peak: 11274916K)
Resident Set Size: 58860K (peak: 61292K) (anon: 58860K, file: 0K, shmem: 0K)
Swapped out: 0K
C-Heap outstanding allocations: 32047K

/proc/sys/kernel/threads-max (system-wide limit on the number of threads):
7670
/proc/sys/vm/max_map_count (maximum number of memory map areas a process may have):
65530
/proc/sys/kernel/pid_max (system-wide limit on number of process identifiers):
32768

container (cgroup) information:
container_type: cgroupv1
cpu_cpuset_cpus: 0-1
cpu_memory_nodes: 0
active_processor_count: 2
cpu_quota: -1
cpu_period: 100000
cpu_shares: -1
memory_limit_in_bytes: -1
memory_and_swap_limit_in_bytes: -2
memory_soft_limit_in_bytes: -1
memory_usage_in_bytes: 888852480
memory_max_usage_in_bytes: 890695680

KVM virtualization detected
Steal ticks since vm start: 0
Steal ticks percentage since vm start:  0.000

CPU:total 2 (initial active 2) (2 cores per cpu, 1 threads per core) family 6 model 142 stepping 10 microcode 0x0, cmov, cx8, fxsr, mmx, sse, sse2, sse3, ssse3, sse4.1, sse4.2, popcnt, avx, avx2, aes, clmul, 3dnowpref, lzcnt, tsc, tscinvbit
CPU Model and flags from /proc/cpuinfo:
model name	: Intel(R) Core(TM) i7-8550U CPU @ 1.80GHz
flags		: fpu vme de pse tsc msr pae mce cx8 apic sep mtrr pge mca cmov pat pse36 clflush mmx fxsr sse sse2 ht syscall nx rdtscp lm constant_tsc rep_good nopl xtopology nonstop_tsc cpuid tsc_known_freq pni pclmulqdq ssse3 cx16 pcid sse4_1 sse4_2 x2apic movbe popcnt aes xsave avx rdrand hypervisor lahf_lm abm 3dnowprefetch invpcid_single pti fsgsbase avx2 invpcid rdseed clflushopt md_clear flush_l1d
Online cpus:
0-1
Offline cpus:

BIOS frequency limitation:
<Not Available>
Frequency switch latency (ns):
<Not Available>
Available cpu frequencies:
<Not Available>
Current governor:
<Not Available>
Core performance/turbo boost:
<Not Available>

Memory: 4k page, physical 1008552k(49288k free), swap 0k(0k free)

vm_info: OpenJDK 64-Bit Server VM (11.0.11+9-Ubuntu-0ubuntu2.18.04) for linux-amd64 JRE (11.0.11+9-Ubuntu-0ubuntu2.18.04), built on Apr 21 2021 09:15:32 by "unknown" with gcc 8.4.0

END.
